TN:
SF:src/App.tsx
FN:57,App
FN:58,(anonymous_1)
FN:61,(anonymous_2)
FN:63,(anonymous_3)
FN:66,(anonymous_4)
FN:73,(anonymous_5)
FNF:6
FNH:0
FNDA:0,App
FNDA:0,(anonymous_1)
FNDA:0,(anonymous_2)
FNDA:0,(anonymous_3)
FNDA:0,(anonymous_4)
FNDA:0,(anonymous_5)
DA:58,0
DA:60,0
DA:61,0
DA:62,0
DA:64,0
DA:67,0
DA:73,0
DA:74,0
DA:75,0
DA:76,0
DA:79,0
DA:80,0
DA:82,0
DA:88,0
DA:91,0
LF:15
LH:0
BRDA:60,0,0,0
BRDA:60,0,1,0
BRDA:79,1,0,0
BRDA:79,1,1,0
BRF:4
BRH:0
end_of_record
TN:
SF:src/index 2.js
FNF:0
FNH:0
DA:6,0
DA:7,0
LF:2
LH:0
BRF:0
BRH:0
end_of_record
TN:
SF:src/index.js
FNF:0
FNH:0
DA:6,0
DA:7,0
LF:2
LH:0
BRF:0
BRH:0
end_of_record
TN:
SF:src/test-analytics.js
FNF:0
FNH:0
DA:4,0
DA:7,0
DA:8,0
DA:10,0
DA:11,0
DA:13,0
DA:16,0
DA:20,0
DA:21,0
DA:22,0
DA:23,0
DA:25,0
DA:28,0
DA:29,0
DA:31,0
DA:34,0
DA:38,0
DA:39,0
DA:41,0
DA:43,0
DA:47,0
DA:48,0
DA:49,0
DA:51,0
DA:52,0
DA:54,0
DA:58,0
DA:59,0
DA:60,0
DA:61,0
DA:62,0
DA:64,0
DA:65,0
DA:66,0
DA:68,0
DA:71,0
DA:72,0
LF:37
LH:0
BRDA:10,0,0,0
BRDA:10,0,1,0
BRDA:22,1,0,0
BRDA:22,1,1,0
BRDA:28,2,0,0
BRDA:28,2,1,0
BRDA:49,3,0,0
BRDA:49,3,1,0
BRDA:50,4,0,0
BRDA:50,4,1,0
BRF:10
BRH:0
end_of_record
TN:
SF:src/test-gpt5.ts
FN:4,testGPT5Connection
FN:32,testGPT5ContentGeneration
FN:72,runGPT5Tests
FNF:3
FNH:0
FNDA:0,testGPT5Connection
FNDA:0,testGPT5ContentGeneration
FNDA:0,runGPT5Tests
DA:5,0
DA:6,0
DA:8,0
DA:9,0
DA:11,0
DA:12,0
DA:14,0
DA:15,0
DA:16,0
DA:17,0
DA:18,0
DA:19,0
DA:21,0
DA:22,0
DA:23,0
DA:26,0
DA:27,0
DA:33,0
DA:34,0
DA:36,0
DA:37,0
DA:40,0
DA:47,0
DA:53,0
DA:55,0
DA:56,0
DA:57,0
DA:58,0
DA:59,0
DA:60,0
DA:62,0
DA:63,0
DA:66,0
DA:67,0
DA:73,0
DA:75,0
DA:77,0
DA:78,0
DA:81,0
DA:88,0
DA:90,0
DA:93,0
LF:42
LH:0
BRDA:14,0,0,0
BRDA:14,0,1,0
BRDA:14,1,0,0
BRDA:14,1,1,0
BRDA:22,2,0,0
BRDA:22,2,1,0
BRDA:55,3,0,0
BRDA:55,3,1,0
BRDA:77,4,0,0
BRDA:77,4,1,0
BRDA:88,5,0,0
BRDA:88,5,1,0
BRF:12
BRH:0
end_of_record
TN:
SF:src/test-soc-console.ts
FN:4,testSOCConsole
FN:42,testSOCConsoleAccess
FN:58,runSOCConsoleTests
FNF:3
FNH:0
FNDA:0,testSOCConsole
FNDA:0,testSOCConsoleAccess
FNDA:0,runSOCConsoleTests
DA:5,0
DA:6,0
DA:8,0
DA:11,0
DA:12,0
DA:13,0
DA:14,0
DA:17,0
DA:18,0
DA:19,0
DA:20,0
DA:23,0
DA:24,0
DA:25,0
DA:28,0
DA:29,0
DA:30,0
DA:32,0
DA:33,0
DA:36,0
DA:37,0
DA:43,0
DA:44,0
DA:48,0
DA:50,0
DA:52,0
DA:53,0
DA:59,0
DA:61,0
DA:62,0
DA:64,0
DA:65,0
DA:66,0
DA:68,0
DA:69,0
DA:71,0
DA:79,0
DA:81,0
DA:82,0
DA:85,0
LF:40
LH:0
BRDA:65,0,0,0
BRDA:65,0,1,0
BRDA:66,1,0,0
BRDA:66,1,1,0
BRDA:68,2,0,0
BRDA:68,2,1,0
BRDA:68,3,0,0
BRDA:68,3,1,0
BRDA:79,4,0,0
BRDA:79,4,1,0
BRF:10
BRH:0
end_of_record
TN:
SF:src/components/ErrorBoundary.tsx
FN:18,(anonymous_0)
FN:23,(anonymous_1)
FN:34,(anonymous_2)
FN:39,(anonymous_3)
FN:44,(anonymous_4)
FNF:5
FNH:0
FNDA:0,(anonymous_0)
FNDA:0,(anonymous_1)
FNDA:0,(anonymous_2)
FNDA:0,(anonymous_3)
FNDA:0,(anonymous_4)
DA:14,0
DA:20,0
DA:24,0
DA:27,0
DA:28,0
DA:29,0
DA:30,0
DA:31,0
DA:34,0
DA:35,0
DA:36,0
DA:39,0
DA:40,0
DA:41,0
DA:45,0
DA:47,0
DA:95,0
LF:17
LH:0
BRDA:45,0,0,0
BRDA:45,0,1,0
BRDA:47,1,0,0
BRDA:47,1,1,0
BRDA:80,2,0,0
BRDA:80,2,1,0
BRDA:80,2,2,0
BRF:7
BRH:0
end_of_record
TN:
SF:src/components/ScrollToTop.tsx
FN:4,(anonymous_0)
FN:7,(anonymous_1)
FNF:2
FNH:0
FNDA:0,(anonymous_0)
FNDA:0,(anonymous_1)
DA:4,0
DA:5,0
DA:7,0
DA:9,0
DA:16,0
LF:5
LH:0
BRF:0
BRH:0
end_of_record
TN:
SF:src/components/Accessibility/AccessibilityAudit.tsx
FN:13,(anonymous_0)
FN:20,(anonymous_1)
FN:26,(anonymous_2)
FN:32,(anonymous_3)
FN:48,(anonymous_4)
FN:65,(anonymous_5)
FN:84,(anonymous_6)
FN:104,(anonymous_7)
FN:125,(anonymous_8)
FN:130,(anonymous_9)
FN:135,(anonymous_10)
FN:144,(anonymous_11)
FN:223,(anonymous_12)
FNF:13
FNH:0
FNDA:0,(anonymous_0)
FNDA:0,(anonymous_1)
FNDA:0,(anonymous_2)
FNDA:0,(anonymous_3)
FNDA:0,(anonymous_4)
FNDA:0,(anonymous_5)
FNDA:0,(anonymous_6)
FNDA:0,(anonymous_7)
FNDA:0,(anonymous_8)
FNDA:0,(anonymous_9)
FNDA:0,(anonymous_10)
FNDA:0,(anonymous_11)
FNDA:0,(anonymous_12)
DA:13,0
DA:14,0
DA:15,0
DA:16,0
DA:17,0
DA:18,0
DA:20,0
DA:22,0
DA:23,0
DA:26,0
DA:27,0
DA:28,0
DA:31,0
DA:32,0
DA:33,0
DA:34,0
DA:46,0
DA:47,0
DA:48,0
DA:49,0
DA:50,0
DA:51,0
DA:60,0
DA:64,0
DA:65,0
DA:66,0
DA:67,0
DA:68,0
DA:70,0
DA:71,0
DA:83,0
DA:84,0
DA:85,0
DA:86,0
DA:87,0
DA:90,0
DA:91,0
DA:103,0
DA:104,0
DA:105,0
DA:107,0
DA:108,0
DA:109,0
DA:121,0
DA:122,0
DA:125,0
DA:126,0
DA:127,0
DA:130,0
DA:131,0
DA:132,0
DA:135,0
DA:136,0
DA:137,0
DA:138,0
DA:139,0
DA:140,0
DA:144,0
DA:145,0
DA:146,0
DA:147,0
DA:148,0
DA:149,0
DA:153,0
DA:224,0
LF:65
LH:0
BRDA:33,0,0,0
BRDA:33,0,1,0
BRDA:33,1,0,0
BRDA:33,1,1,0
BRDA:50,2,0,0
BRDA:50,2,1,0
BRDA:70,3,0,0
BRDA:70,3,1,0
BRDA:70,4,0,0
BRDA:70,4,1,0
BRDA:70,4,2,0
BRDA:90,5,0,0
BRDA:90,5,1,0
BRDA:105,6,0,0
BRDA:105,6,1,0
BRDA:105,7,0,0
BRDA:105,7,1,0
BRDA:108,8,0,0
BRDA:108,8,1,0
BRDA:108,9,0,0
BRDA:108,9,1,0
BRDA:136,10,0,0
BRDA:136,10,1,0
BRDA:136,10,2,0
BRDA:136,10,3,0
BRDA:145,11,0,0
BRDA:145,11,1,0
BRDA:145,11,2,0
BRDA:145,11,3,0
BRDA:165,12,0,0
BRDA:165,12,1,0
BRDA:171,13,0,0
BRDA:171,13,1,0
BRDA:179,14,0,0
BRDA:179,14,1,0
BRDA:201,15,0,0
BRDA:201,15,1,0
BRDA:214,16,0,0
BRDA:214,16,1,0
BRDA:219,17,0,0
BRDA:219,17,1,0
BRDA:232,18,0,0
BRDA:232,18,1,0
BRDA:239,19,0,0
BRDA:239,19,1,0
BRF:45
BRH:0
end_of_record
TN:
SF:src/components/Admin/AIChatInterface.tsx
FN:11,(anonymous_0)
FN:24,(anonymous_1)
FN:28,(anonymous_2)
FN:32,(anonymous_3)
FN:43,(anonymous_4)
FN:48,(anonymous_5)
FN:55,(anonymous_6)
FN:60,(anonymous_7)
FN:81,(anonymous_8)
FN:137,(anonymous_9)
FNF:10
FNH:0
FNDA:0,(anonymous_0)
FNDA:0,(anonymous_1)
FNDA:0,(anonymous_2)
FNDA:0,(anonymous_3)
FNDA:0,(anonymous_4)
FNDA:0,(anonymous_5)
FNDA:0,(anonymous_6)
FNDA:0,(anonymous_7)
FNDA:0,(anonymous_8)
FNDA:0,(anonymous_9)
DA:11,0
DA:12,0
DA:20,0
DA:21,0
DA:22,0
DA:24,0
DA:25,0
DA:28,0
DA:29,0
DA:32,0
DA:33,0
DA:34,0
DA:36,0
DA:43,0
DA:44,0
DA:45,0
DA:48,0
DA:49,0
DA:55,0
DA:56,0
DA:60,0
DA:61,0
DA:64,0
DA:82,0
DA:137,0
LF:25
LH:0
BRDA:34,0,0,0
BRDA:34,0,1,0
BRDA:34,1,0,0
BRDA:34,1,1,0
BRDA:84,2,0,0
BRDA:84,2,1,0
BRDA:88,3,0,0
BRDA:88,3,1,0
BRDA:94,4,0,0
BRDA:94,4,1,0
BRDA:100,5,0,0
BRDA:100,5,1,0
BRDA:105,6,0,0
BRDA:105,6,1,0
BRDA:113,7,0,0
BRDA:113,7,1,0
BRDA:144,8,0,0
BRDA:144,8,1,0
BRF:18
BRH:0
end_of_record
TN:
SF:src/components/Admin/AccountLinking.tsx
FN:9,(anonymous_0)
FN:52,(anonymous_1)
FN:106,(anonymous_2)
FN:109,(anonymous_3)
FNF:4
FNH:0
FNDA:0,(anonymous_0)
FNDA:0,(anonymous_1)
FNDA:0,(anonymous_2)
FNDA:0,(anonymous_3)
DA:9,0
DA:10,0
DA:11,0
DA:12,0
DA:14,0
DA:52,0
DA:53,0
DA:54,0
DA:55,0
DA:57,0
DA:58,0
DA:59,0
DA:61,0
DA:63,0
DA:64,0
DA:65,0
DA:66,0
DA:67,0
DA:68,0
DA:70,0
DA:73,0
DA:77,0
DA:107,0
DA:109,0
LF:24
LH:0
BRDA:9,0,0,0
BRDA:63,1,0,0
BRDA:63,1,1,0
BRDA:65,2,0,0
BRDA:65,2,1,0
BRDA:67,3,0,0
BRDA:67,3,1,0
BRDA:89,4,0,0
BRDA:89,4,1,0
BRDA:97,5,0,0
BRDA:97,5,1,0
BRDA:118,6,0,0
BRDA:118,6,1,0
BRDA:125,7,0,0
BRDA:125,7,1,0
BRF:15
BRH:0
end_of_record
TN:
SF:src/components/Admin/AdminDashboard.tsx
FN:11,(anonymous_0)
FN:32,(anonymous_1)
FN:38,(anonymous_2)
FN:44,(anonymous_3)
FN:55,(anonymous_4)
FN:71,(anonymous_5)
FN:81,(anonymous_6)
FN:86,(anonymous_7)
FN:114,(anonymous_8)
FN:129,(anonymous_9)
FN:181,(anonymous_10)
FN:197,(anonymous_11)
FN:229,(anonymous_12)
FN:239,(anonymous_13)
FN:249,(anonymous_14)
FN:259,(anonymous_15)
FN:279,(anonymous_16)
FN:290,(anonymous_17)
FN:348,(anonymous_18)
FNF:19
FNH:0
FNDA:0,(anonymous_0)
FNDA:0,(anonymous_1)
FNDA:0,(anonymous_2)
FNDA:0,(anonymous_3)
FNDA:0,(anonymous_4)
FNDA:0,(anonymous_5)
FNDA:0,(anonymous_6)
FNDA:0,(anonymous_7)
FNDA:0,(anonymous_8)
FNDA:0,(anonymous_9)
FNDA:0,(anonymous_10)
FNDA:0,(anonymous_11)
FNDA:0,(anonymous_12)
FNDA:0,(anonymous_13)
FNDA:0,(anonymous_14)
FNDA:0,(anonymous_15)
FNDA:0,(anonymous_16)
FNDA:0,(anonymous_17)
FNDA:0,(anonymous_18)
DA:11,0
DA:23,0
DA:24,0
DA:26,0
DA:27,0
DA:28,0
DA:29,0
DA:30,0
DA:32,0
DA:33,0
DA:35,0
DA:38,0
DA:39,0
DA:40,0
DA:44,0
DA:45,0
DA:46,0
DA:47,0
DA:48,0
DA:51,0
DA:55,0
DA:56,0
DA:57,0
DA:58,0
DA:59,0
DA:60,0
DA:62,0
DA:63,0
DA:66,0
DA:67,0
DA:71,0
DA:72,0
DA:73,0
DA:74,0
DA:75,0
DA:77,0
DA:81,0
DA:82,0
DA:83,0
DA:86,0
DA:88,0
DA:91,0
DA:92,0
DA:114,0
DA:129,0
DA:156,0
DA:182,0
DA:197,0
DA:229,0
DA:239,0
DA:249,0
DA:259,0
DA:279,0
DA:290,0
DA:349,0
LF:55
LH:0
BRDA:33,0,0,0
BRDA:33,0,1,0
BRDA:45,1,0,0
BRDA:45,1,1,0
BRDA:58,2,0,0
BRDA:58,2,1,0
BRDA:74,3,0,0
BRDA:74,3,1,0
BRDA:91,4,0,0
BRDA:91,4,1,0
BRDA:141,5,0,0
BRDA:141,5,1,0
BRDA:166,6,0,0
BRDA:166,6,1,0
BRDA:179,7,0,0
BRDA:179,7,1,0
BRDA:185,8,0,0
BRDA:185,8,1,0
BRDA:186,9,0,0
BRDA:186,9,1,0
BRDA:187,10,0,0
BRDA:187,10,1,0
BRDA:209,11,0,0
BRDA:209,11,1,0
BRDA:231,12,0,0
BRDA:231,12,1,0
BRDA:241,13,0,0
BRDA:241,13,1,0
BRDA:251,14,0,0
BRDA:251,14,1,0
BRDA:261,15,0,0
BRDA:261,15,1,0
BRDA:334,16,0,0
BRDA:334,16,1,0
BRDA:358,17,0,0
BRDA:358,17,1,0
BRDA:363,18,0,0
BRDA:363,18,1,0
BRDA:365,19,0,0
BRDA:365,19,1,0
BRDA:367,20,0,0
BRDA:367,20,1,0
BRF:42
BRH:0
end_of_record
TN:
SF:src/components/Admin/ChannelManager.tsx
FN:7,(anonymous_0)
FN:35,(anonymous_1)
FN:39,(anonymous_2)
FN:52,(anonymous_3)
FN:71,(anonymous_4)
FN:86,(anonymous_5)
FN:108,(anonymous_6)
FN:117,(anonymous_7)
FN:122,(anonymous_8)
FN:123,(anonymous_9)
FN:127,(anonymous_10)
FN:128,(anonymous_11)
FN:132,(anonymous_12)
FN:147,(anonymous_13)
FN:161,(anonymous_14)
FN:182,(anonymous_15)
FN:194,(anonymous_16)
FN:197,(anonymous_17)
FN:211,(anonymous_18)
FN:226,(anonymous_19)
FN:238,(anonymous_20)
FN:248,(anonymous_21)
FN:256,(anonymous_22)
FN:261,(anonymous_23)
FN:264,(anonymous_24)
FN:273,(anonymous_25)
FN:279,(anonymous_26)
FN:316,(anonymous_27)
FN:323,(anonymous_28)
FN:345,(anonymous_29)
FNF:30
FNH:0
FNDA:0,(anonymous_0)
FNDA:0,(anonymous_1)
FNDA:0,(anonymous_2)
FNDA:0,(anonymous_3)
FNDA:0,(anonymous_4)
FNDA:0,(anonymous_5)
FNDA:0,(anonymous_6)
FNDA:0,(anonymous_7)
FNDA:0,(anonymous_8)
FNDA:0,(anonymous_9)
FNDA:0,(anonymous_10)
FNDA:0,(anonymous_11)
FNDA:0,(anonymous_12)
FNDA:0,(anonymous_13)
FNDA:0,(anonymous_14)
FNDA:0,(anonymous_15)
FNDA:0,(anonymous_16)
FNDA:0,(anonymous_17)
FNDA:0,(anonymous_18)
FNDA:0,(anonymous_19)
FNDA:0,(anonymous_20)
FNDA:0,(anonymous_21)
FNDA:0,(anonymous_22)
FNDA:0,(anonymous_23)
FNDA:0,(anonymous_24)
FNDA:0,(anonymous_25)
FNDA:0,(anonymous_26)
FNDA:0,(anonymous_27)
FNDA:0,(anonymous_28)
FNDA:0,(anonymous_29)
DA:7,0
DA:8,0
DA:9,0
DA:10,0
DA:11,0
DA:12,0
DA:17,0
DA:22,0
DA:24,0
DA:35,0
DA:36,0
DA:39,0
DA:40,0
DA:41,0
DA:42,0
DA:43,0
DA:45,0
DA:46,0
DA:48,0
DA:52,0
DA:53,0
DA:54,0
DA:55,0
DA:56,0
DA:59,0
DA:60,0
DA:61,0
DA:62,0
DA:63,0
DA:64,0
DA:66,0
DA:67,0
DA:71,0
DA:72,0
DA:73,0
DA:76,0
DA:77,0
DA:78,0
DA:79,0
DA:81,0
DA:82,0
DA:86,0
DA:87,0
DA:88,0
DA:89,0
DA:92,0
DA:93,0
DA:98,0
DA:99,0
DA:100,0
DA:101,0
DA:103,0
DA:104,0
DA:108,0
DA:109,0
DA:110,0
DA:117,0
DA:118,0
DA:119,0
DA:122,0
DA:123,0
DA:124,0
DA:127,0
DA:128,0
DA:129,0
DA:132,0
DA:133,0
DA:134,0
DA:135,0
DA:137,0
DA:138,0
DA:141,0
DA:142,0
DA:148,0
DA:156,0
DA:161,0
DA:182,0
DA:194,0
DA:198,0
DA:211,0
DA:226,0
DA:239,0
DA:249,0
DA:256,0
DA:261,0
DA:265,0
DA:273,0
DA:279,0
DA:316,0
DA:323,0
DA:345,0
LF:91
LH:0
BRDA:54,0,0,0
BRDA:54,0,1,0
BRDA:72,1,0,0
BRDA:72,1,1,0
BRDA:87,2,0,0
BRDA:87,2,1,0
BRDA:113,3,0,0
BRDA:113,3,1,0
BRDA:124,4,0,0
BRDA:124,4,1,0
BRDA:129,5,0,0
BRDA:129,5,1,0
BRDA:133,6,0,0
BRDA:133,6,1,0
BRDA:134,7,0,0
BRDA:134,7,1,0
BRDA:141,8,0,0
BRDA:141,8,1,0
BRDA:170,9,0,0
BRDA:170,9,1,0
BRDA:250,10,0,0
BRDA:250,10,1,0
BRDA:300,11,0,0
BRDA:300,11,1,0
BRDA:306,12,0,0
BRDA:306,12,1,0
BRDA:311,13,0,0
BRDA:311,13,1,0
BRDA:339,14,0,0
BRDA:339,14,1,0
BRF:30
BRH:0
end_of_record
TN:
SF:src/components/Admin/ChatAdmin.tsx
FN:74,(anonymous_0)
FN:129,(anonymous_1)
FN:130,(anonymous_2)
FN:152,(anonymous_3)
FN:155,(anonymous_4)
FN:156,(anonymous_5)
FN:162,(anonymous_6)
FN:178,(anonymous_7)
FN:181,(anonymous_8)
FN:191,(anonymous_9)
FN:207,(anonymous_10)
FN:209,(anonymous_11)
FN:219,(anonymous_12)
FN:220,(anonymous_13)
FN:222,(anonymous_14)
FN:231,(anonymous_15)
FN:233,(anonymous_16)
FN:243,(anonymous_17)
FN:274,(anonymous_18)
FN:308,(anonymous_19)
FN:320,(anonymous_20)
FN:330,(anonymous_21)
FN:341,(anonymous_22)
FN:347,(anonymous_23)
FN:358,(anonymous_24)
FN:368,(anonymous_25)
FN:422,(anonymous_26)
FN:430,(anonymous_27)
FN:439,(anonymous_28)
FN:446,(anonymous_29)
FN:454,(anonymous_30)
FN:504,(anonymous_31)
FN:508,(anonymous_32)
FN:516,(anonymous_33)
FN:527,(anonymous_34)
FN:567,(anonymous_35)
FN:569,(anonymous_36)
FN:574,(anonymous_37)
FN:606,(anonymous_38)
FN:612,(anonymous_39)
FN:626,(anonymous_40)
FN:649,(anonymous_41)
FN:654,(anonymous_42)
FN:656,(anonymous_43)
FN:664,(anonymous_44)
FN:679,(anonymous_45)
FN:680,(anonymous_46)
FN:683,(anonymous_47)
FN:685,(anonymous_48)
FN:691,(anonymous_49)
FN:695,(anonymous_50)
FN:709,(anonymous_51)
FN:713,(anonymous_52)
FN:714,(anonymous_53)
FN:714,(anonymous_54)
FN:718,(anonymous_55)
FN:721,(anonymous_56)
FN:725,(anonymous_57)
FN:732,(anonymous_58)
FN:740,(anonymous_59)
FN:754,(anonymous_60)
FN:764,(anonymous_61)
FN:777,(anonymous_62)
FN:791,(anonymous_63)
FN:805,(anonymous_64)
FN:817,(anonymous_65)
FN:832,(anonymous_66)
FN:841,(anonymous_67)
FN:853,(anonymous_68)
FN:857,(anonymous_69)
FN:907,(anonymous_70)
FN:910,(anonymous_71)
FN:1041,(anonymous_72)
FN:1047,(anonymous_73)
FN:1082,(anonymous_74)
FN:1105,(anonymous_75)
FN:1108,(anonymous_76)
FN:1136,(anonymous_77)
FN:1147,(anonymous_78)
FN:1148,(anonymous_79)
FN:1154,(anonymous_80)
FN:1164,(anonymous_81)
FN:1175,(anonymous_82)
FN:1189,(anonymous_83)
FN:1192,(anonymous_84)
FN:1225,(anonymous_85)
FN:1226,(anonymous_86)
FN:1273,(anonymous_87)
FN:1303,(anonymous_88)
FN:1312,(anonymous_89)
FN:1319,(anonymous_90)
FN:1364,(anonymous_91)
FN:1364,(anonymous_92)
FN:1367,(anonymous_93)
FN:1389,(anonymous_94)
FN:1392,(anonymous_95)
FN:1409,(anonymous_96)
FN:1416,(anonymous_97)
FN:1423,(anonymous_98)
FN:1431,(anonymous_99)
FN:1439,(anonymous_100)
FN:1455,(anonymous_101)
FN:1464,(anonymous_102)
FN:1467,(anonymous_103)
FN:1480,(anonymous_104)
FN:1533,(anonymous_105)
FN:1540,(anonymous_106)
FN:1555,(anonymous_107)
FN:1556,(anonymous_108)
FN:1568,(anonymous_109)
FN:1593,(anonymous_110)
FN:1600,(anonymous_111)
FN:1604,(anonymous_112)
FN:1629,(anonymous_113)
FN:1630,(anonymous_114)
FN:1642,(anonymous_115)
FN:1714,(anonymous_116)
FN:1793,(anonymous_117)
FN:1793,(anonymous_118)
FN:1843,(anonymous_119)
FN:1843,(anonymous_120)
FN:1912,(anonymous_121)
FN:1913,(anonymous_122)
FN:1914,(anonymous_123)
FN:1915,(anonymous_124)
FN:2003,(anonymous_125)
FN:2026,(anonymous_126)
FN:2036,(anonymous_127)
FNF:128
FNH:0
FNDA:0,(anonymous_0)
FNDA:0,(anonymous_1)
FNDA:0,(anonymous_2)
FNDA:0,(anonymous_3)
FNDA:0,(anonymous_4)
FNDA:0,(anonymous_5)
FNDA:0,(anonymous_6)
FNDA:0,(anonymous_7)
FNDA:0,(anonymous_8)
FNDA:0,(anonymous_9)
FNDA:0,(anonymous_10)
FNDA:0,(anonymous_11)
FNDA:0,(anonymous_12)
FNDA:0,(anonymous_13)
FNDA:0,(anonymous_14)
FNDA:0,(anonymous_15)
FNDA:0,(anonymous_16)
FNDA:0,(anonymous_17)
FNDA:0,(anonymous_18)
FNDA:0,(anonymous_19)
FNDA:0,(anonymous_20)
FNDA:0,(anonymous_21)
FNDA:0,(anonymous_22)
FNDA:0,(anonymous_23)
FNDA:0,(anonymous_24)
FNDA:0,(anonymous_25)
FNDA:0,(anonymous_26)
FNDA:0,(anonymous_27)
FNDA:0,(anonymous_28)
FNDA:0,(anonymous_29)
FNDA:0,(anonymous_30)
FNDA:0,(anonymous_31)
FNDA:0,(anonymous_32)
FNDA:0,(anonymous_33)
FNDA:0,(anonymous_34)
FNDA:0,(anonymous_35)
FNDA:0,(anonymous_36)
FNDA:0,(anonymous_37)
FNDA:0,(anonymous_38)
FNDA:0,(anonymous_39)
FNDA:0,(anonymous_40)
FNDA:0,(anonymous_41)
FNDA:0,(anonymous_42)
FNDA:0,(anonymous_43)
FNDA:0,(anonymous_44)
FNDA:0,(anonymous_45)
FNDA:0,(anonymous_46)
FNDA:0,(anonymous_47)
FNDA:0,(anonymous_48)
FNDA:0,(anonymous_49)
FNDA:0,(anonymous_50)
FNDA:0,(anonymous_51)
FNDA:0,(anonymous_52)
FNDA:0,(anonymous_53)
FNDA:0,(anonymous_54)
FNDA:0,(anonymous_55)
FNDA:0,(anonymous_56)
FNDA:0,(anonymous_57)
FNDA:0,(anonymous_58)
FNDA:0,(anonymous_59)
FNDA:0,(anonymous_60)
FNDA:0,(anonymous_61)
FNDA:0,(anonymous_62)
FNDA:0,(anonymous_63)
FNDA:0,(anonymous_64)
FNDA:0,(anonymous_65)
FNDA:0,(anonymous_66)
FNDA:0,(anonymous_67)
FNDA:0,(anonymous_68)
FNDA:0,(anonymous_69)
FNDA:0,(anonymous_70)
FNDA:0,(anonymous_71)
FNDA:0,(anonymous_72)
FNDA:0,(anonymous_73)
FNDA:0,(anonymous_74)
FNDA:0,(anonymous_75)
FNDA:0,(anonymous_76)
FNDA:0,(anonymous_77)
FNDA:0,(anonymous_78)
FNDA:0,(anonymous_79)
FNDA:0,(anonymous_80)
FNDA:0,(anonymous_81)
FNDA:0,(anonymous_82)
FNDA:0,(anonymous_83)
FNDA:0,(anonymous_84)
FNDA:0,(anonymous_85)
FNDA:0,(anonymous_86)
FNDA:0,(anonymous_87)
FNDA:0,(anonymous_88)
FNDA:0,(anonymous_89)
FNDA:0,(anonymous_90)
FNDA:0,(anonymous_91)
FNDA:0,(anonymous_92)
FNDA:0,(anonymous_93)
FNDA:0,(anonymous_94)
FNDA:0,(anonymous_95)
FNDA:0,(anonymous_96)
FNDA:0,(anonymous_97)
FNDA:0,(anonymous_98)
FNDA:0,(anonymous_99)
FNDA:0,(anonymous_100)
FNDA:0,(anonymous_101)
FNDA:0,(anonymous_102)
FNDA:0,(anonymous_103)
FNDA:0,(anonymous_104)
FNDA:0,(anonymous_105)
FNDA:0,(anonymous_106)
FNDA:0,(anonymous_107)
FNDA:0,(anonymous_108)
FNDA:0,(anonymous_109)
FNDA:0,(anonymous_110)
FNDA:0,(anonymous_111)
FNDA:0,(anonymous_112)
FNDA:0,(anonymous_113)
FNDA:0,(anonymous_114)
FNDA:0,(anonymous_115)
FNDA:0,(anonymous_116)
FNDA:0,(anonymous_117)
FNDA:0,(anonymous_118)
FNDA:0,(anonymous_119)
FNDA:0,(anonymous_120)
FNDA:0,(anonymous_121)
FNDA:0,(anonymous_122)
FNDA:0,(anonymous_123)
FNDA:0,(anonymous_124)
FNDA:0,(anonymous_125)
FNDA:0,(anonymous_126)
FNDA:0,(anonymous_127)
DA:34,0
DA:49,0
DA:74,0
DA:75,0
DA:76,0
DA:77,0
DA:78,0
DA:79,0
DA:80,0
DA:81,0
DA:82,0
DA:83,0
DA:84,0
DA:85,0
DA:86,0
DA:87,0
DA:88,0
DA:91,0
DA:102,0
DA:103,0
DA:104,0
DA:105,0
DA:106,0
DA:107,0
DA:108,0
DA:109,0
DA:110,0
DA:111,0
DA:112,0
DA:114,0
DA:115,0
DA:116,0
DA:117,0
DA:129,0
DA:130,0
DA:131,0
DA:132,0
DA:135,0
DA:136,0
DA:139,0
DA:140,0
DA:143,0
DA:144,0
DA:146,0
DA:149,0
DA:152,0
DA:155,0
DA:156,0
DA:162,0
DA:163,0
DA:164,0
DA:167,0
DA:168,0
DA:170,0
DA:174,0
DA:178,0
DA:179,0
DA:181,0
DA:182,0
DA:184,0
DA:185,0
DA:188,0
DA:191,0
DA:197,0
DA:199,0
DA:203,0
DA:207,0
DA:208,0
DA:209,0
DA:210,0
DA:211,0
DA:212,0
DA:214,0
DA:219,0
DA:220,0
DA:221,0
DA:222,0
DA:223,0
DA:224,0
DA:226,0
DA:227,0
DA:231,0
DA:232,0
DA:233,0
DA:234,0
DA:235,0
DA:237,0
DA:238,0
DA:243,0
DA:244,0
DA:247,0
DA:255,0
DA:256,0
DA:257,0
DA:260,0
DA:261,0
DA:262,0
DA:265,0
DA:266,0
DA:267,0
DA:270,0
DA:271,0
DA:274,0
DA:275,0
DA:277,0
DA:280,0
DA:281,0
DA:282,0
DA:285,0
DA:286,0
DA:287,0
DA:297,0
DA:298,0
DA:299,0
DA:301,0
DA:302,0
DA:304,0
DA:308,0
DA:309,0
DA:311,0
DA:312,0
DA:313,0
DA:315,0
DA:316,0
DA:320,0
DA:321,0
DA:323,0
DA:324,0
DA:326,0
DA:330,0
DA:331,0
DA:333,0
DA:334,0
DA:336,0
DA:341,0
DA:342,0
DA:343,0
DA:344,0
DA:347,0
DA:348,0
DA:349,0
DA:353,0
DA:358,0
DA:359,0
DA:360,0
DA:361,0
DA:362,0
DA:363,0
DA:368,0
DA:369,0
DA:370,0
DA:372,0
DA:373,0
DA:374,0
DA:375,0
DA:377,0
DA:378,0
DA:380,0
DA:382,0
DA:383,0
DA:385,0
DA:386,0
DA:388,0
DA:389,0
DA:391,0
DA:392,0
DA:394,0
DA:395,0
DA:397,0
DA:398,0
DA:400,0
DA:401,0
DA:403,0
DA:404,0
DA:406,0
DA:407,0
DA:409,0
DA:410,0
DA:412,0
DA:413,0
DA:415,0
DA:418,0
DA:419,0
DA:422,0
DA:423,0
DA:424,0
DA:425,0
DA:430,0
DA:431,0
DA:432,0
DA:434,0
DA:435,0
DA:436,0
DA:437,0
DA:439,0
DA:440,0
DA:442,0
DA:443,0
DA:444,0
DA:446,0
DA:447,0
DA:448,0
DA:449,0
DA:454,0
DA:455,0
DA:456,0
DA:458,0
DA:459,0
DA:460,0
DA:462,0
DA:463,0
DA:464,0
DA:466,0
DA:467,0
DA:468,0
DA:470,0
DA:471,0
DA:472,0
DA:474,0
DA:475,0
DA:476,0
DA:478,0
DA:480,0
DA:482,0
DA:483,0
DA:484,0
DA:486,0
DA:487,0
DA:488,0
DA:493,0
DA:494,0
DA:495,0
DA:497,0
DA:498,0
DA:499,0
DA:504,0
DA:506,0
DA:509,0
DA:514,0
DA:516,0
DA:518,0
DA:519,0
DA:520,0
DA:521,0
DA:528,0
DA:529,0
DA:536,0
DA:537,0
DA:538,0
DA:539,0
DA:547,0
DA:548,0
DA:549,0
DA:550,0
DA:558,0
DA:567,0
DA:569,0
DA:570,0
DA:574,0
DA:575,0
DA:579,0
DA:582,0
DA:585,0
DA:588,0
DA:591,0
DA:594,0
DA:597,0
DA:600,0
DA:602,0
DA:606,0
DA:607,0
DA:608,0
DA:612,0
DA:613,0
DA:614,0
DA:615,0
DA:616,0
DA:617,0
DA:619,0
DA:620,0
DA:622,0
DA:626,0
DA:627,0
DA:628,0
DA:629,0
DA:632,0
DA:633,0
DA:634,0
DA:635,0
DA:636,0
DA:637,0
DA:639,0
DA:642,0
DA:643,0
DA:645,0
DA:649,0
DA:650,0
DA:651,0
DA:654,0
DA:655,0
DA:656,0
DA:657,0
DA:658,0
DA:659,0
DA:660,0
DA:661,0
DA:664,0
DA:665,0
DA:666,0
DA:667,0
DA:670,0
DA:671,0
DA:672,0
DA:674,0
DA:675,0
DA:679,0
DA:680,0
DA:683,0
DA:684,0
DA:685,0
DA:688,0
DA:691,0
DA:692,0
DA:693,0
DA:695,0
DA:696,0
DA:699,0
DA:700,0
DA:701,0
DA:704,0
DA:705,0
DA:706,0
DA:709,0
DA:710,0
DA:713,0
DA:714,0
DA:718,0
DA:719,0
DA:720,0
DA:721,0
DA:725,0
DA:726,0
DA:728,0
DA:733,0
DA:740,0
DA:754,0
DA:755,0
DA:757,0
DA:758,0
DA:760,0
DA:765,0
DA:766,0
DA:767,0
DA:769,0
DA:777,0
DA:791,0
DA:792,0
DA:793,0
DA:794,0
DA:800,0
DA:805,0
DA:806,0
DA:807,0
DA:808,0
DA:809,0
DA:811,0
DA:812,0
DA:813,0
DA:814,0
DA:817,0
DA:818,0
DA:819,0
DA:820,0
DA:822,0
DA:823,0
DA:824,0
DA:825,0
DA:832,0
DA:833,0
DA:835,0
DA:836,0
DA:838,0
DA:841,0
DA:842,0
DA:844,0
DA:845,0
DA:847,0
DA:848,0
DA:850,0
DA:853,0
DA:854,0
DA:857,0
DA:858,0
DA:859,0
DA:860,0
DA:861,0
DA:862,0
DA:864,0
DA:865,0
DA:866,0
DA:867,0
DA:870,0
DA:908,0
DA:910,0
DA:1041,0
DA:1047,0
DA:1082,0
DA:1106,0
DA:1108,0
DA:1136,0
DA:1148,0
DA:1149,0
DA:1151,0
DA:1155,0
DA:1156,0
DA:1157,0
DA:1159,0
DA:1161,0
DA:1164,0
DA:1175,0
DA:1190,0
DA:1192,0
DA:1226,0
DA:1227,0
DA:1274,0
DA:1275,0
DA:1276,0
DA:1277,0
DA:1279,0
DA:1303,0
DA:1312,0
DA:1319,0
DA:1364,0
DA:1365,0
DA:1367,0
DA:1390,0
DA:1392,0
DA:1409,0
DA:1416,0
DA:1423,0
DA:1431,0
DA:1439,0
DA:1455,0
DA:1465,0
DA:1467,0
DA:1533,0
DA:1540,0
DA:1555,0
DA:1557,0
DA:1558,0
DA:1559,0
DA:1560,0
DA:1569,0
DA:1570,0
DA:1571,0
DA:1594,0
DA:1601,0
DA:1604,0
DA:1629,0
DA:1630,0
DA:1643,0
DA:1644,0
DA:1645,0
DA:1715,0
DA:1793,0
DA:1794,0
DA:1843,0
DA:1844,0
DA:1913,0
DA:1914,0
DA:1915,0
DA:1917,0
DA:2004,0
DA:2005,0
DA:2027,0
DA:2028,0
DA:2037,0
DA:2038,0
DA:2039,0
DA:2040,0
DA:2042,0
DA:2043,0
LF:482
LH:0
BRDA:179,0,0,0
BRDA:179,0,1,0
BRDA:208,1,0,0
BRDA:208,1,1,0
BRDA:211,2,0,0
BRDA:211,2,1,0
BRDA:223,3,0,0
BRDA:223,3,1,0
BRDA:234,4,0,0
BRDA:234,4,1,0
BRDA:255,5,0,0
BRDA:255,5,1,0
BRDA:255,6,0,0
BRDA:255,6,1,0
BRDA:260,7,0,0
BRDA:260,7,1,0
BRDA:271,8,0,0
BRDA:271,8,1,0
BRDA:277,9,0,0
BRDA:277,9,1,0
BRDA:309,10,0,0
BRDA:309,10,1,0
BRDA:321,11,0,0
BRDA:321,11,1,0
BRDA:331,12,0,0
BRDA:331,12,1,0
BRDA:348,13,0,0
BRDA:348,13,1,0
BRDA:359,14,0,0
BRDA:359,14,1,0
BRDA:359,15,0,0
BRDA:359,15,1,0
BRDA:362,16,0,0
BRDA:362,16,1,0
BRDA:370,17,0,0
BRDA:370,17,1,0
BRDA:380,18,0,0
BRDA:380,18,1,0
BRDA:380,18,2,0
BRDA:380,18,3,0
BRDA:380,18,4,0
BRDA:380,18,5,0
BRDA:380,18,6,0
BRDA:380,18,7,0
BRDA:380,18,8,0
BRDA:380,18,9,0
BRDA:380,18,10,0
BRDA:380,18,11,0
BRDA:432,19,0,0
BRDA:432,19,1,0
BRDA:439,20,0,0
BRDA:439,20,1,0
BRDA:455,21,0,0
BRDA:455,21,1,0
BRDA:455,22,0,0
BRDA:455,22,1,0
BRDA:456,23,0,0
BRDA:456,23,1,0
BRDA:456,23,2,0
BRDA:456,23,3,0
BRDA:456,23,4,0
BRDA:456,23,5,0
BRDA:456,23,6,0
BRDA:475,24,0,0
BRDA:475,24,1,0
BRDA:493,25,0,0
BRDA:493,25,1,0
BRDA:497,26,0,0
BRDA:497,26,1,0
BRDA:519,27,0,0
BRDA:519,27,1,0
BRDA:537,28,0,0
BRDA:537,28,1,0
BRDA:548,29,0,0
BRDA:548,29,1,0
BRDA:607,30,0,0
BRDA:607,30,1,0
BRDA:607,31,0,0
BRDA:607,31,1,0
BRDA:627,32,0,0
BRDA:627,32,1,0
BRDA:636,33,0,0
BRDA:636,33,1,0
BRDA:655,34,0,0
BRDA:655,34,1,0
BRDA:655,34,2,0
BRDA:655,34,3,0
BRDA:665,35,0,0
BRDA:665,35,1,0
BRDA:680,36,0,0
BRDA:680,36,1,0
BRDA:684,37,0,0
BRDA:684,37,1,0
BRDA:685,38,0,0
BRDA:685,38,1,0
BRDA:685,39,0,0
BRDA:685,39,1,0
BRDA:693,40,0,0
BRDA:693,40,1,0
BRDA:699,41,0,0
BRDA:699,41,1,0
BRDA:704,42,0,0
BRDA:704,42,1,0
BRDA:726,43,0,0
BRDA:726,43,1,0
BRDA:755,44,0,0
BRDA:755,44,1,0
BRDA:758,45,0,0
BRDA:758,45,1,0
BRDA:766,46,0,0
BRDA:766,46,1,0
BRDA:793,47,0,0
BRDA:793,47,1,0
BRDA:811,48,0,0
BRDA:811,48,1,0
BRDA:812,49,0,0
BRDA:812,49,1,0
BRDA:813,50,0,0
BRDA:813,50,1,0
BRDA:822,51,0,0
BRDA:822,51,1,0
BRDA:823,52,0,0
BRDA:823,52,1,0
BRDA:824,53,0,0
BRDA:824,53,1,0
BRDA:828,54,0,0
BRDA:828,54,1,0
BRDA:833,55,0,0
BRDA:833,55,1,0
BRDA:842,56,0,0
BRDA:842,56,1,0
BRDA:850,57,0,0
BRDA:850,57,1,0
BRDA:864,58,0,0
BRDA:864,58,1,0
BRDA:865,59,0,0
BRDA:865,59,1,0
BRDA:866,60,0,0
BRDA:866,60,1,0
BRDA:880,61,0,0
BRDA:880,61,1,0
BRDA:884,62,0,0
BRDA:884,62,1,0
BRDA:912,63,0,0
BRDA:912,63,1,0
BRDA:927,64,0,0
BRDA:927,64,1,0
BRDA:1035,65,0,0
BRDA:1035,65,1,0
BRDA:1038,66,0,0
BRDA:1038,66,1,0
BRDA:1049,67,0,0
BRDA:1049,67,1,0
BRDA:1057,68,0,0
BRDA:1057,68,1,0
BRDA:1062,69,0,0
BRDA:1062,69,1,0
BRDA:1064,70,0,0
BRDA:1064,70,1,0
BRDA:1075,71,0,0
BRDA:1075,71,1,0
BRDA:1110,72,0,0
BRDA:1110,72,1,0
BRDA:1121,73,0,0
BRDA:1121,73,1,0
BRDA:1156,74,0,0
BRDA:1156,74,1,0
BRDA:1164,75,0,0
BRDA:1164,75,1,0
BRDA:1175,76,0,0
BRDA:1175,76,1,0
BRDA:1181,77,0,0
BRDA:1181,77,1,0
BRDA:1187,78,0,0
BRDA:1187,78,1,0
BRDA:1194,79,0,0
BRDA:1194,79,1,0
BRDA:1205,80,0,0
BRDA:1205,80,1,0
BRDA:1232,81,0,0
BRDA:1232,81,1,0
BRDA:1234,82,0,0
BRDA:1234,82,1,0
BRDA:1239,83,0,0
BRDA:1239,83,1,0
BRDA:1239,83,2,0
BRDA:1246,84,0,0
BRDA:1246,84,1,0
BRDA:1260,85,0,0
BRDA:1260,85,1,0
BRDA:1274,86,0,0
BRDA:1274,86,1,0
BRDA:1275,87,0,0
BRDA:1275,87,1,0
BRDA:1282,88,0,0
BRDA:1282,88,1,0
BRDA:1293,89,0,0
BRDA:1293,89,1,0
BRDA:1295,90,0,0
BRDA:1295,90,1,0
BRDA:1303,91,0,0
BRDA:1303,91,1,0
BRDA:1309,92,0,0
BRDA:1309,92,1,0
BRDA:1309,92,2,0
BRDA:1332,93,0,0
BRDA:1332,93,1,0
BRDA:1333,94,0,0
BRDA:1333,94,1,0
BRDA:1337,95,0,0
BRDA:1337,95,1,0
BRDA:1342,96,0,0
BRDA:1342,96,1,0
BRDA:1347,97,0,0
BRDA:1347,97,1,0
BRDA:1355,98,0,0
BRDA:1355,98,1,0
BRDA:1356,99,0,0
BRDA:1356,99,1,0
BRDA:1362,100,0,0
BRDA:1362,100,1,0
BRDA:1362,100,2,0
BRDA:1369,101,0,0
BRDA:1369,101,1,0
BRDA:1386,102,0,0
BRDA:1386,102,1,0
BRDA:1461,103,0,0
BRDA:1461,103,1,0
BRDA:1526,104,0,0
BRDA:1526,104,1,0
BRDA:1536,105,0,0
BRDA:1536,105,1,0
BRDA:1549,106,0,0
BRDA:1549,106,1,0
BRDA:1557,107,0,0
BRDA:1557,107,1,0
BRDA:1576,108,0,0
BRDA:1576,108,1,0
BRDA:1591,109,0,0
BRDA:1591,109,1,0
BRDA:1599,110,0,0
BRDA:1599,110,1,0
BRDA:1599,111,0,0
BRDA:1599,111,1,0
BRDA:1600,112,0,0
BRDA:1600,112,1,0
BRDA:1609,113,0,0
BRDA:1609,113,1,0
BRDA:1609,113,2,0
BRDA:1609,113,3,0
BRDA:1617,114,0,0
BRDA:1617,114,1,0
BRDA:1630,115,0,0
BRDA:1630,115,1,0
BRDA:1630,116,0,0
BRDA:1630,116,1,0
BRDA:1634,117,0,0
BRDA:1634,117,1,0
BRDA:1650,118,0,0
BRDA:1650,118,1,0
BRDA:1650,118,2,0
BRDA:1668,119,0,0
BRDA:1668,119,1,0
BRDA:1668,119,2,0
BRDA:1668,119,3,0
BRDA:1671,120,0,0
BRDA:1671,120,1,0
BRDA:1676,121,0,0
BRDA:1676,121,1,0
BRDA:1685,122,0,0
BRDA:1685,122,1,0
BRDA:1719,123,0,0
BRDA:1719,123,1,0
BRDA:1729,124,0,0
BRDA:1729,124,1,0
BRDA:1733,125,0,0
BRDA:1733,125,1,0
BRDA:1737,126,0,0
BRDA:1737,126,1,0
BRDA:1739,127,0,0
BRDA:1739,127,1,0
BRDA:1740,128,0,0
BRDA:1740,128,1,0
BRDA:1741,129,0,0
BRDA:1741,129,1,0
BRDA:1742,130,0,0
BRDA:1742,130,1,0
BRDA:1743,131,0,0
BRDA:1743,131,1,0
BRDA:1744,132,0,0
BRDA:1744,132,1,0
BRDA:1745,133,0,0
BRDA:1745,133,1,0
BRDA:1748,134,0,0
BRDA:1748,134,1,0
BRDA:1759,135,0,0
BRDA:1759,135,1,0
BRDA:1763,136,0,0
BRDA:1763,136,1,0
BRDA:1782,137,0,0
BRDA:1782,137,1,0
BRDA:1798,138,0,0
BRDA:1798,138,1,0
BRDA:1802,139,0,0
BRDA:1802,139,1,0
BRDA:1824,140,0,0
BRDA:1824,140,1,0
BRDA:1828,141,0,0
BRDA:1828,141,1,0
BRDA:1853,142,0,0
BRDA:1853,142,1,0
BRDA:1857,143,0,0
BRDA:1857,143,1,0
BRDA:1879,144,0,0
BRDA:1879,144,1,0
BRDA:1883,145,0,0
BRDA:1883,145,1,0
BRDA:1900,146,0,0
BRDA:1900,146,1,0
BRDA:1940,147,0,0
BRDA:1940,147,1,0
BRDA:1944,148,0,0
BRDA:1944,148,1,0
BRDA:1972,149,0,0
BRDA:1972,149,1,0
BRDA:1986,150,0,0
BRDA:1986,150,1,0
BRDA:2002,151,0,0
BRDA:2002,151,1,0
BRDA:2004,152,0,0
BRDA:2004,152,1,0
BRDA:2025,153,0,0
BRDA:2025,153,1,0
BRDA:2027,154,0,0
BRDA:2027,154,1,0
BRDA:2037,155,0,0
BRDA:2037,155,1,0
BRF:337
BRH:0
end_of_record
TN:
SF:src/components/Admin/ChatChannelManagement.tsx
FN:34,(anonymous_0)
FN:48,(anonymous_1)
FN:52,(anonymous_2)
FN:91,(anonymous_3)
FN:127,(anonymous_4)
FN:136,(anonymous_5)
FN:142,(anonymous_6)
FN:156,(anonymous_7)
FN:193,(anonymous_8)
FN:223,(anonymous_9)
FN:255,(anonymous_10)
FN:309,(anonymous_11)
FN:322,(anonymous_12)
FN:349,(anonymous_13)
FN:359,(anonymous_14)
FN:370,(anonymous_15)
FN:381,(anonymous_16)
FN:412,(anonymous_17)
FN:422,(anonymous_18)
FN:433,(anonymous_19)
FN:444,(anonymous_20)
FNF:21
FNH:0
FNDA:0,(anonymous_0)
FNDA:0,(anonymous_1)
FNDA:0,(anonymous_2)
FNDA:0,(anonymous_3)
FNDA:0,(anonymous_4)
FNDA:0,(anonymous_5)
FNDA:0,(anonymous_6)
FNDA:0,(anonymous_7)
FNDA:0,(anonymous_8)
FNDA:0,(anonymous_9)
FNDA:0,(anonymous_10)
FNDA:0,(anonymous_11)
FNDA:0,(anonymous_12)
FNDA:0,(anonymous_13)
FNDA:0,(anonymous_14)
FNDA:0,(anonymous_15)
FNDA:0,(anonymous_16)
FNDA:0,(anonymous_17)
FNDA:0,(anonymous_18)
FNDA:0,(anonymous_19)
FNDA:0,(anonymous_20)
DA:34,0
DA:35,0
DA:36,0
DA:37,0
DA:38,0
DA:39,0
DA:40,0
DA:46,0
DA:48,0
DA:49,0
DA:52,0
DA:53,0
DA:54,0
DA:60,0
DA:85,0
DA:87,0
DA:91,0
DA:92,0
DA:93,0
DA:94,0
DA:97,0
DA:107,0
DA:119,0
DA:120,0
DA:121,0
DA:123,0
DA:127,0
DA:128,0
DA:129,0
DA:132,0
DA:136,0
DA:138,0
DA:142,0
DA:143,0
DA:144,0
DA:145,0
DA:148,0
DA:156,0
DA:157,0
DA:162,0
DA:163,0
DA:165,0
DA:169,0
DA:172,0
DA:173,0
DA:184,0
DA:193,0
DA:223,0
DA:256,0
DA:310,0
DA:311,0
DA:322,0
DA:349,0
DA:359,0
DA:370,0
DA:382,0
DA:383,0
DA:412,0
DA:422,0
DA:433,0
DA:445,0
DA:446,0
LF:62
LH:0
BRDA:34,0,0,0
BRDA:67,1,0,0
BRDA:67,1,1,0
BRDA:78,2,0,0
BRDA:78,2,1,0
BRDA:92,3,0,0
BRDA:92,3,1,0
BRDA:112,4,0,0
BRDA:112,4,1,0
BRDA:113,5,0,0
BRDA:113,5,1,0
BRDA:128,6,0,0
BRDA:128,6,1,0
BRDA:143,7,0,0
BRDA:143,7,1,0
BRDA:143,8,0,0
BRDA:143,8,1,0
BRDA:157,9,0,0
BRDA:157,9,1,0
BRDA:169,10,0,0
BRDA:169,10,1,0
BRDA:172,11,0,0
BRDA:172,11,1,0
BRDA:202,12,0,0
BRDA:202,12,1,0
BRDA:213,13,0,0
BRDA:213,13,1,0
BRDA:218,14,0,0
BRDA:218,14,1,0
BRDA:274,15,0,0
BRDA:274,15,1,0
BRDA:280,16,0,0
BRDA:280,16,1,0
BRDA:299,17,0,0
BRDA:299,17,1,0
BRDA:303,18,0,0
BRDA:303,18,1,0
BRDA:338,19,0,0
BRDA:338,19,1,0
BRDA:401,20,0,0
BRDA:401,20,1,0
BRF:41
BRH:0
end_of_record
TN:
SF:src/components/Admin/ConfigManager.tsx
FN:11,(anonymous_0)
FN:22,(anonymous_1)
FN:26,(anonymous_2)
FN:38,(anonymous_3)
FN:48,(anonymous_4)
FN:51,(anonymous_5)
FN:77,(anonymous_6)
FN:83,(anonymous_7)
FN:121,(anonymous_8)
FN:139,(anonymous_9)
FN:151,(anonymous_10)
FN:153,(anonymous_11)
FN:164,(anonymous_12)
FN:174,(anonymous_13)
FN:189,(anonymous_14)
FN:193,(anonymous_15)
FN:194,(anonymous_16)
FN:212,(anonymous_17)
FN:225,(anonymous_18)
FN:235,(anonymous_19)
FN:245,(anonymous_20)
FN:255,(anonymous_21)
FN:292,(anonymous_22)
FN:306,(anonymous_23)
FN:330,(anonymous_24)
FN:339,(anonymous_25)
FN:357,(anonymous_26)
FN:367,(anonymous_27)
FN:375,(anonymous_28)
FN:389,(anonymous_29)
FN:411,(anonymous_30)
FN:435,(anonymous_31)
FN:442,(anonymous_32)
FN:454,(anonymous_33)
FN:461,(anonymous_34)
FN:467,(anonymous_35)
FN:495,(anonymous_36)
FNF:37
FNH:0
FNDA:0,(anonymous_0)
FNDA:0,(anonymous_1)
FNDA:0,(anonymous_2)
FNDA:0,(anonymous_3)
FNDA:0,(anonymous_4)
FNDA:0,(anonymous_5)
FNDA:0,(anonymous_6)
FNDA:0,(anonymous_7)
FNDA:0,(anonymous_8)
FNDA:0,(anonymous_9)
FNDA:0,(anonymous_10)
FNDA:0,(anonymous_11)
FNDA:0,(anonymous_12)
FNDA:0,(anonymous_13)
FNDA:0,(anonymous_14)
FNDA:0,(anonymous_15)
FNDA:0,(anonymous_16)
FNDA:0,(anonymous_17)
FNDA:0,(anonymous_18)
FNDA:0,(anonymous_19)
FNDA:0,(anonymous_20)
FNDA:0,(anonymous_21)
FNDA:0,(anonymous_22)
FNDA:0,(anonymous_23)
FNDA:0,(anonymous_24)
FNDA:0,(anonymous_25)
FNDA:0,(anonymous_26)
FNDA:0,(anonymous_27)
FNDA:0,(anonymous_28)
FNDA:0,(anonymous_29)
FNDA:0,(anonymous_30)
FNDA:0,(anonymous_31)
FNDA:0,(anonymous_32)
FNDA:0,(anonymous_33)
FNDA:0,(anonymous_34)
FNDA:0,(anonymous_35)
FNDA:0,(anonymous_36)
DA:11,0
DA:12,0
DA:13,0
DA:14,0
DA:15,0
DA:16,0
DA:17,0
DA:18,0
DA:19,0
DA:20,0
DA:22,0
DA:23,0
DA:26,0
DA:27,0
DA:28,0
DA:29,0
DA:30,0
DA:32,0
DA:34,0
DA:38,0
DA:39,0
DA:40,0
DA:45,0
DA:48,0
DA:49,0
DA:51,0
DA:52,0
DA:55,0
DA:56,0
DA:57,0
DA:58,0
DA:61,0
DA:62,0
DA:63,0
DA:64,0
DA:65,0
DA:66,0
DA:67,0
DA:68,0
DA:70,0
DA:73,0
DA:77,0
DA:78,0
DA:79,0
DA:80,0
DA:83,0
DA:84,0
DA:85,0
DA:86,0
DA:90,0
DA:91,0
DA:92,0
DA:93,0
DA:96,0
DA:97,0
DA:107,0
DA:108,0
DA:109,0
DA:110,0
DA:111,0
DA:112,0
DA:114,0
DA:117,0
DA:121,0
DA:122,0
DA:123,0
DA:126,0
DA:127,0
DA:128,0
DA:129,0
DA:130,0
DA:132,0
DA:135,0
DA:139,0
DA:140,0
DA:141,0
DA:142,0
DA:143,0
DA:145,0
DA:149,0
DA:151,0
DA:153,0
DA:154,0
DA:156,0
DA:158,0
DA:165,0
DA:166,0
DA:167,0
DA:168,0
DA:175,0
DA:176,0
DA:177,0
DA:178,0
DA:179,0
DA:190,0
DA:194,0
DA:195,0
DA:209,0
DA:212,0
DA:221,0
DA:225,0
DA:231,0
DA:235,0
DA:241,0
DA:245,0
DA:251,0
DA:255,0
DA:262,0
DA:263,0
DA:273,0
DA:292,0
DA:306,0
DA:330,0
DA:339,0
DA:357,0
DA:367,0
DA:376,0
DA:390,0
DA:391,0
DA:392,0
DA:412,0
DA:435,0
DA:442,0
DA:454,0
DA:461,0
DA:468,0
DA:496,0
LF:127
LH:0
BRDA:11,0,0,0
BRDA:49,1,0,0
BRDA:49,1,1,0
BRDA:52,2,0,0
BRDA:52,2,1,0
BRDA:56,3,0,0
BRDA:56,3,1,0
BRDA:62,4,0,0
BRDA:62,4,1,0
BRDA:63,5,0,0
BRDA:63,5,1,0
BRDA:84,6,0,0
BRDA:84,6,1,0
BRDA:84,7,0,0
BRDA:84,7,1,0
BRDA:84,7,2,0
BRDA:91,8,0,0
BRDA:91,8,1,0
BRDA:101,9,0,0
BRDA:101,9,1,0
BRDA:104,10,0,0
BRDA:104,10,1,0
BRDA:107,11,0,0
BRDA:107,11,1,0
BRDA:122,12,0,0
BRDA:122,12,1,0
BRDA:128,13,0,0
BRDA:128,13,1,0
BRDA:141,14,0,0
BRDA:141,14,1,0
BRDA:149,15,0,0
BRDA:149,15,1,0
BRDA:154,16,0,0
BRDA:154,16,1,0
BRDA:156,17,0,0
BRDA:156,17,1,0
BRDA:156,17,2,0
BRDA:156,17,3,0
BRDA:156,17,4,0
BRDA:156,17,5,0
BRDA:165,18,0,0
BRDA:165,18,1,0
BRDA:165,19,0,0
BRDA:165,19,1,0
BRDA:166,20,0,0
BRDA:166,20,1,0
BRDA:176,21,0,0
BRDA:176,21,1,0
BRDA:177,22,0,0
BRDA:177,22,1,0
BRDA:187,23,0,0
BRDA:187,23,1,0
BRDA:187,23,2,0
BRDA:211,24,0,0
BRDA:211,24,1,0
BRDA:224,25,0,0
BRDA:224,25,1,0
BRDA:234,26,0,0
BRDA:234,26,1,0
BRDA:244,27,0,0
BRDA:244,27,1,0
BRDA:254,28,0,0
BRDA:254,28,1,0
BRDA:262,29,0,0
BRDA:262,29,1,0
BRDA:321,30,0,0
BRDA:321,30,1,0
BRDA:329,31,0,0
BRDA:329,31,1,0
BRDA:338,32,0,0
BRDA:338,32,1,0
BRDA:356,33,0,0
BRDA:356,33,1,0
BRDA:366,34,0,0
BRDA:366,34,1,0
BRDA:373,35,0,0
BRDA:373,35,1,0
BRDA:405,36,0,0
BRDA:405,36,1,0
BRDA:421,37,0,0
BRDA:421,37,1,0
BRDA:433,38,0,0
BRDA:433,38,1,0
BRDA:450,39,0,0
BRDA:450,39,1,0
BRDA:460,40,0,0
BRDA:460,40,1,0
BRDA:465,41,0,0
BRDA:465,41,1,0
BRDA:493,42,0,0
BRDA:493,42,1,0
BRDA:501,43,0,0
BRDA:501,43,1,0
BRDA:502,44,0,0
BRDA:502,44,1,0
BRF:95
BRH:0
end_of_record
TN:
SF:src/components/Admin/CostManagement.tsx
FN:38,(anonymous_0)
FN:50,(anonymous_1)
FN:73,(anonymous_2)
FN:96,(anonymous_3)
FN:99,(anonymous_4)
FN:105,(anonymous_5)
FN:114,(anonymous_6)
FN:119,(anonymous_7)
FN:127,(anonymous_8)
FN:200,(anonymous_9)
FN:205,(anonymous_10)
FN:232,(anonymous_11)
FN:242,(anonymous_12)
FN:284,(anonymous_13)
FN:383,(anonymous_14)
FN:403,(anonymous_15)
FN:430,(anonymous_16)
FN:468,(anonymous_17)
FN:483,(anonymous_18)
FNF:19
FNH:0
FNDA:0,(anonymous_0)
FNDA:0,(anonymous_1)
FNDA:0,(anonymous_2)
FNDA:0,(anonymous_3)
FNDA:0,(anonymous_4)
FNDA:0,(anonymous_5)
FNDA:0,(anonymous_6)
FNDA:0,(anonymous_7)
FNDA:0,(anonymous_8)
FNDA:0,(anonymous_9)
FNDA:0,(anonymous_10)
FNDA:0,(anonymous_11)
FNDA:0,(anonymous_12)
FNDA:0,(anonymous_13)
FNDA:0,(anonymous_14)
FNDA:0,(anonymous_15)
FNDA:0,(anonymous_16)
FNDA:0,(anonymous_17)
FNDA:0,(anonymous_18)
DA:38,0
DA:39,0
DA:40,0
DA:41,0
DA:42,0
DA:43,0
DA:44,0
DA:45,0
DA:46,0
DA:47,0
DA:48,0
DA:50,0
DA:52,0
DA:53,0
DA:58,0
DA:59,0
DA:73,0
DA:74,0
DA:75,0
DA:76,0
DA:78,0
DA:83,0
DA:84,0
DA:85,0
DA:86,0
DA:87,0
DA:89,0
DA:90,0
DA:92,0
DA:96,0
DA:97,0
DA:98,0
DA:99,0
DA:101,0
DA:105,0
DA:106,0
DA:114,0
DA:115,0
DA:116,0
DA:119,0
DA:120,0
DA:121,0
DA:122,0
DA:123,0
DA:127,0
DA:128,0
DA:129,0
DA:130,0
DA:131,0
DA:135,0
DA:136,0
DA:148,0
DA:149,0
DA:168,0
DA:201,0
DA:202,0
DA:205,0
DA:233,0
DA:242,0
DA:284,0
DA:384,0
DA:404,0
DA:431,0
DA:469,0
DA:483,0
LF:65
LH:0
BRDA:38,0,0,0
BRDA:52,1,0,0
BRDA:52,1,1,0
BRDA:52,2,0,0
BRDA:52,2,1,0
BRDA:52,2,2,0
BRDA:58,3,0,0
BRDA:58,3,1,0
BRDA:58,4,0,0
BRDA:58,4,1,0
BRDA:58,4,2,0
BRDA:115,5,0,0
BRDA:115,5,1,0
BRDA:116,6,0,0
BRDA:116,6,1,0
BRDA:116,7,0,0
BRDA:116,7,1,0
BRDA:120,8,0,0
BRDA:120,8,1,0
BRDA:120,8,2,0
BRDA:128,9,0,0
BRDA:128,9,1,0
BRDA:128,9,2,0
BRDA:135,10,0,0
BRDA:135,10,1,0
BRDA:148,11,0,0
BRDA:148,11,1,0
BRDA:207,12,0,0
BRDA:207,12,1,0
BRDA:222,13,0,0
BRDA:222,13,1,0
BRDA:225,14,0,0
BRDA:225,14,1,0
BRDA:260,15,0,0
BRDA:260,15,1,0
BRDA:272,16,0,0
BRDA:272,16,1,0
BRDA:284,17,0,0
BRDA:284,17,1,0
BRDA:296,18,0,0
BRDA:296,18,1,0
BRDA:323,19,0,0
BRDA:323,19,1,0
BRDA:373,20,0,0
BRDA:373,20,1,0
BRDA:383,21,0,0
BRDA:383,21,1,0
BRDA:403,22,0,0
BRDA:403,22,1,0
BRDA:406,23,0,0
BRDA:406,23,1,0
BRDA:407,24,0,0
BRDA:407,24,1,0
BRDA:408,25,0,0
BRDA:408,25,1,0
BRDA:409,26,0,0
BRDA:409,26,1,0
BRDA:410,27,0,0
BRDA:410,27,1,0
BRDA:423,28,0,0
BRDA:423,28,1,0
BRDA:459,29,0,0
BRDA:459,29,1,0
BRDA:466,30,0,0
BRDA:466,30,1,0
BRDA:501,31,0,0
BRDA:501,31,1,0
BRDA:539,32,0,0
BRDA:539,32,1,0
BRDA:548,33,0,0
BRDA:548,33,1,0
BRF:71
BRH:0
end_of_record
TN:
SF:src/components/Admin/DatabaseMonitor.tsx
FN:27,(anonymous_0)
FN:62,(anonymous_1)
FN:67,(anonymous_2)
FN:67,(anonymous_3)
FN:77,(anonymous_4)
FN:77,(anonymous_5)
FN:88,(anonymous_6)
FN:90,(anonymous_7)
FN:96,(anonymous_8)
FN:101,(anonymous_9)
FN:106,(anonymous_10)
FN:111,(anonymous_11)
FN:116,(anonymous_12)
FN:121,(anonymous_13)
FN:126,(anonymous_14)
FN:129,(anonymous_15)
FN:140,(anonymous_16)
FN:151,(anonymous_17)
FN:158,(anonymous_18)
FN:179,(anonymous_19)
FN:195,(anonymous_20)
FN:195,(anonymous_21)
FNF:22
FNH:0
FNDA:0,(anonymous_0)
FNDA:0,(anonymous_1)
FNDA:0,(anonymous_2)
FNDA:0,(anonymous_3)
FNDA:0,(anonymous_4)
FNDA:0,(anonymous_5)
FNDA:0,(anonymous_6)
FNDA:0,(anonymous_7)
FNDA:0,(anonymous_8)
FNDA:0,(anonymous_9)
FNDA:0,(anonymous_10)
FNDA:0,(anonymous_11)
FNDA:0,(anonymous_12)
FNDA:0,(anonymous_13)
FNDA:0,(anonymous_14)
FNDA:0,(anonymous_15)
FNDA:0,(anonymous_16)
FNDA:0,(anonymous_17)
FNDA:0,(anonymous_18)
FNDA:0,(anonymous_19)
FNDA:0,(anonymous_20)
FNDA:0,(anonymous_21)
DA:27,0
DA:28,0
DA:29,0
DA:62,0
DA:63,0
DA:64,0
DA:65,0
DA:66,0
DA:67,0
DA:68,0
DA:77,0
DA:78,0
DA:88,0
DA:90,0
DA:91,0
DA:92,0
DA:96,0
DA:97,0
DA:101,0
DA:102,0
DA:106,0
DA:107,0
DA:111,0
DA:112,0
DA:116,0
DA:117,0
DA:121,0
DA:122,0
DA:125,0
DA:126,0
DA:129,0
DA:130,0
DA:132,0
DA:134,0
DA:136,0
DA:140,0
DA:141,0
DA:143,0
DA:145,0
DA:147,0
DA:151,0
DA:152,0
DA:154,0
DA:158,0
DA:180,0
DA:195,0
DA:196,0
DA:198,0
DA:199,0
DA:200,0
DA:202,0
DA:203,0
DA:205,0
DA:206,0
DA:208,0
DA:209,0
DA:211,0
DA:212,0
DA:214,0
DA:215,0
LF:60
LH:0
BRDA:27,0,0,0
BRDA:68,1,0,0
BRDA:68,1,1,0
BRDA:78,2,0,0
BRDA:78,2,1,0
BRDA:82,3,0,0
BRDA:82,3,1,0
BRDA:130,4,0,0
BRDA:130,4,1,0
BRDA:130,4,2,0
BRDA:141,5,0,0
BRDA:141,5,1,0
BRDA:141,5,2,0
BRDA:170,6,0,0
BRDA:170,6,1,0
BRDA:170,7,0,0
BRDA:170,7,1,0
BRDA:171,8,0,0
BRDA:171,8,1,0
BRDA:171,9,0,0
BRDA:171,9,1,0
BRDA:173,10,0,0
BRDA:173,10,1,0
BRDA:177,11,0,0
BRDA:177,11,1,0
BRDA:187,12,0,0
BRDA:187,12,1,0
BRDA:189,13,0,0
BRDA:189,13,1,0
BRDA:196,14,0,0
BRDA:196,14,1,0
BRDA:196,14,2,0
BRDA:196,14,3,0
BRDA:196,14,4,0
BRDA:196,14,5,0
BRF:35
BRH:0
end_of_record
TN:
SF:src/components/Admin/EventManager.tsx
FN:15,(anonymous_0)
FN:21,(anonymous_1)
FN:100,(anonymous_2)
FNF:3
FNH:0
FNDA:0,(anonymous_0)
FNDA:0,(anonymous_1)
FNDA:0,(anonymous_2)
DA:15,0
DA:16,0
DA:17,0
DA:18,0
DA:19,0
DA:21,0
DA:23,0
DA:45,0
DA:48,0
DA:49,0
DA:58,0
DA:101,0
LF:12
LH:0
BRDA:48,0,0,0
BRDA:48,0,1,0
BRDA:119,1,0,0
BRDA:119,1,1,0
BRDA:123,2,0,0
BRDA:123,2,1,0
BRF:6
BRH:0
end_of_record
TN:
SF:src/components/Admin/InviteManagement.tsx
FN:28,(anonymous_0)
FN:46,(anonymous_1)
FN:50,(anonymous_2)
FN:62,(anonymous_3)
FN:89,(anonymous_4)
FN:102,(anonymous_5)
FN:111,(anonymous_6)
FN:116,(anonymous_7)
FN:123,(anonymous_8)
FN:128,(anonymous_9)
FN:145,(anonymous_10)
FN:186,(anonymous_11)
FN:226,(anonymous_12)
FN:258,(anonymous_13)
FN:300,(anonymous_14)
FN:307,(anonymous_15)
FN:314,(anonymous_16)
FN:321,(anonymous_17)
FN:344,(anonymous_18)
FN:366,(anonymous_19)
FN:376,(anonymous_20)
FN:389,(anonymous_21)
FN:400,(anonymous_22)
FN:414,(anonymous_23)
FN:446,(anonymous_24)
FN:480,(anonymous_25)
FN:503,(anonymous_26)
FNF:27
FNH:0
FNDA:0,(anonymous_0)
FNDA:0,(anonymous_1)
FNDA:0,(anonymous_2)
FNDA:0,(anonymous_3)
FNDA:0,(anonymous_4)
FNDA:0,(anonymous_5)
FNDA:0,(anonymous_6)
FNDA:0,(anonymous_7)
FNDA:0,(anonymous_8)
FNDA:0,(anonymous_9)
FNDA:0,(anonymous_10)
FNDA:0,(anonymous_11)
FNDA:0,(anonymous_12)
FNDA:0,(anonymous_13)
FNDA:0,(anonymous_14)
FNDA:0,(anonymous_15)
FNDA:0,(anonymous_16)
FNDA:0,(anonymous_17)
FNDA:0,(anonymous_18)
FNDA:0,(anonymous_19)
FNDA:0,(anonymous_20)
FNDA:0,(anonymous_21)
FNDA:0,(anonymous_22)
FNDA:0,(anonymous_23)
FNDA:0,(anonymous_24)
FNDA:0,(anonymous_25)
FNDA:0,(anonymous_26)
DA:28,0
DA:29,0
DA:30,0
DA:31,0
DA:32,0
DA:33,0
DA:34,0
DA:35,0
DA:36,0
DA:44,0
DA:46,0
DA:47,0
DA:50,0
DA:51,0
DA:52,0
DA:53,0
DA:54,0
DA:56,0
DA:58,0
DA:62,0
DA:63,0
DA:64,0
DA:65,0
DA:68,0
DA:69,0
DA:70,0
DA:71,0
DA:72,0
DA:73,0
DA:82,0
DA:83,0
DA:85,0
DA:89,0
DA:90,0
DA:91,0
DA:94,0
DA:95,0
DA:96,0
DA:98,0
DA:102,0
DA:103,0
DA:104,0
DA:105,0
DA:107,0
DA:111,0
DA:112,0
DA:113,0
DA:114,0
DA:115,0
DA:116,0
DA:118,0
DA:119,0
DA:123,0
DA:124,0
DA:125,0
DA:128,0
DA:129,0
DA:131,0
DA:133,0
DA:135,0
DA:137,0
DA:139,0
DA:141,0
DA:145,0
DA:146,0
DA:148,0
DA:150,0
DA:152,0
DA:154,0
DA:156,0
DA:158,0
DA:162,0
DA:165,0
DA:166,0
DA:177,0
DA:186,0
DA:226,0
DA:259,0
DA:300,0
DA:307,0
DA:314,0
DA:321,0
DA:345,0
DA:346,0
DA:366,0
DA:376,0
DA:389,0
DA:400,0
DA:415,0
DA:416,0
DA:446,0
DA:480,0
DA:503,0
LF:93
LH:0
BRDA:28,0,0,0
BRDA:63,1,0,0
BRDA:63,1,1,0
BRDA:90,2,0,0
BRDA:90,2,1,0
BRDA:129,3,0,0
BRDA:129,3,1,0
BRDA:129,3,2,0
BRDA:129,3,3,0
BRDA:129,3,4,0
BRDA:129,3,5,0
BRDA:146,4,0,0
BRDA:146,4,1,0
BRDA:146,4,2,0
BRDA:146,4,3,0
BRDA:146,4,4,0
BRDA:146,4,5,0
BRDA:162,5,0,0
BRDA:162,5,1,0
BRDA:165,6,0,0
BRDA:165,6,1,0
BRDA:195,7,0,0
BRDA:195,7,1,0
BRDA:205,8,0,0
BRDA:205,8,1,0
BRDA:216,9,0,0
BRDA:216,9,1,0
BRDA:221,10,0,0
BRDA:221,10,1,0
BRDA:262,11,0,0
BRDA:262,11,1,0
BRDA:285,12,0,0
BRDA:285,12,1,0
BRDA:287,13,0,0
BRDA:287,13,1,0
BRDA:291,14,0,0
BRDA:291,14,1,0
BRDA:292,15,0,0
BRDA:292,15,1,0
BRDA:293,16,0,0
BRDA:293,16,1,0
BRDA:338,17,0,0
BRDA:338,17,1,0
BRDA:440,18,0,0
BRDA:440,18,1,0
BRDA:440,18,2,0
BRDA:465,19,0,0
BRDA:465,19,1,0
BRF:48
BRH:0
end_of_record
TN:
SF:src/components/Admin/ReminderManagement.tsx
FN:44,(anonymous_0)
FN:88,(anonymous_1)
FN:92,(anonymous_2)
FN:118,(anonymous_3)
FN:144,(anonymous_4)
FN:169,(anonymous_5)
FN:183,(anonymous_6)
FN:195,(anonymous_7)
FN:218,(anonymous_8)
FN:243,(anonymous_9)
FN:255,(anonymous_10)
FN:265,(anonymous_11)
FN:294,(anonymous_12)
FN:320,(anonymous_13)
FN:323,(anonymous_14)
FN:348,(anonymous_15)
FN:364,(anonymous_16)
FN:378,(anonymous_17)
FN:396,(anonymous_18)
FN:410,(anonymous_19)
FN:410,(anonymous_20)
FN:417,(anonymous_21)
FN:417,(anonymous_22)
FN:441,(anonymous_23)
FN:474,(anonymous_24)
FN:480,(anonymous_25)
FN:560,(anonymous_26)
FN:571,(anonymous_27)
FN:608,(anonymous_28)
FN:623,(anonymous_29)
FN:639,(anonymous_30)
FN:649,(anonymous_31)
FN:660,(anonymous_32)
FN:673,(anonymous_33)
FN:682,(anonymous_34)
FN:691,(anonymous_35)
FN:696,(anonymous_36)
FN:700,(anonymous_37)
FN:714,(anonymous_38)
FNF:39
FNH:0
FNDA:0,(anonymous_0)
FNDA:0,(anonymous_1)
FNDA:0,(anonymous_2)
FNDA:0,(anonymous_3)
FNDA:0,(anonymous_4)
FNDA:0,(anonymous_5)
FNDA:0,(anonymous_6)
FNDA:0,(anonymous_7)
FNDA:0,(anonymous_8)
FNDA:0,(anonymous_9)
FNDA:0,(anonymous_10)
FNDA:0,(anonymous_11)
FNDA:0,(anonymous_12)
FNDA:0,(anonymous_13)
FNDA:0,(anonymous_14)
FNDA:0,(anonymous_15)
FNDA:0,(anonymous_16)
FNDA:0,(anonymous_17)
FNDA:0,(anonymous_18)
FNDA:0,(anonymous_19)
FNDA:0,(anonymous_20)
FNDA:0,(anonymous_21)
FNDA:0,(anonymous_22)
FNDA:0,(anonymous_23)
FNDA:0,(anonymous_24)
FNDA:0,(anonymous_25)
FNDA:0,(anonymous_26)
FNDA:0,(anonymous_27)
FNDA:0,(anonymous_28)
FNDA:0,(anonymous_29)
FNDA:0,(anonymous_30)
FNDA:0,(anonymous_31)
FNDA:0,(anonymous_32)
FNDA:0,(anonymous_33)
FNDA:0,(anonymous_34)
FNDA:0,(anonymous_35)
FNDA:0,(anonymous_36)
FNDA:0,(anonymous_37)
FNDA:0,(anonymous_38)
DA:44,0
DA:45,0
DA:46,0
DA:49,0
DA:50,0
DA:51,0
DA:52,0
DA:53,0
DA:56,0
DA:57,0
DA:58,0
DA:59,0
DA:60,0
DA:61,0
DA:62,0
DA:63,0
DA:66,0
DA:88,0
DA:89,0
DA:92,0
DA:93,0
DA:94,0
DA:95,0
DA:97,0
DA:99,0
DA:100,0
DA:101,0
DA:103,0
DA:104,0
DA:105,0
DA:107,0
DA:108,0
DA:109,0
DA:112,0
DA:114,0
DA:118,0
DA:119,0
DA:120,0
DA:122,0
DA:132,0
DA:134,0
DA:135,0
DA:136,0
DA:138,0
DA:140,0
DA:144,0
DA:145,0
DA:147,0
DA:148,0
DA:150,0
DA:156,0
DA:158,0
DA:159,0
DA:160,0
DA:161,0
DA:163,0
DA:165,0
DA:169,0
DA:170,0
DA:172,0
DA:173,0
DA:174,0
DA:175,0
DA:177,0
DA:179,0
DA:183,0
DA:184,0
DA:185,0
DA:186,0
DA:187,0
DA:189,0
DA:191,0
DA:195,0
DA:196,0
DA:218,0
DA:219,0
DA:220,0
DA:240,0
DA:243,0
DA:244,0
DA:245,0
DA:246,0
DA:247,0
DA:248,0
DA:249,0
DA:250,0
DA:251,0
DA:255,0
DA:256,0
DA:257,0
DA:258,0
DA:259,0
DA:260,0
DA:261,0
DA:265,0
DA:266,0
DA:267,0
DA:268,0
DA:269,0
DA:270,0
DA:271,0
DA:272,0
DA:273,0
DA:277,0
DA:278,0
DA:285,0
DA:294,0
DA:321,0
DA:323,0
DA:348,0
DA:364,0
DA:378,0
DA:396,0
DA:410,0
DA:417,0
DA:442,0
DA:474,0
DA:480,0
DA:561,0
DA:572,0
DA:608,0
DA:623,0
DA:639,0
DA:649,0
DA:660,0
DA:673,0
DA:682,0
DA:692,0
DA:697,0
DA:698,0
DA:700,0
DA:715,0
DA:716,0
DA:717,0
LF:134
LH:0
BRDA:97,0,0,0
BRDA:97,0,1,0
BRDA:97,0,2,0
BRDA:100,1,0,0
BRDA:100,1,1,0
BRDA:108,2,0,0
BRDA:108,2,1,0
BRDA:112,3,0,0
BRDA:112,3,1,0
BRDA:125,4,0,0
BRDA:125,4,1,0
BRDA:127,5,0,0
BRDA:127,5,1,0
BRDA:132,6,0,0
BRDA:132,6,1,0
BRDA:138,7,0,0
BRDA:138,7,1,0
BRDA:145,8,0,0
BRDA:145,8,1,0
BRDA:153,9,0,0
BRDA:153,9,1,0
BRDA:156,10,0,0
BRDA:156,10,1,0
BRDA:163,11,0,0
BRDA:163,11,1,0
BRDA:170,12,0,0
BRDA:170,12,1,0
BRDA:177,13,0,0
BRDA:177,13,1,0
BRDA:186,14,0,0
BRDA:186,14,1,0
BRDA:189,15,0,0
BRDA:189,15,1,0
BRDA:227,16,0,0
BRDA:227,16,1,0
BRDA:228,17,0,0
BRDA:228,17,1,0
BRDA:230,18,0,0
BRDA:230,18,1,0
BRDA:233,19,0,0
BRDA:233,19,1,0
BRDA:234,20,0,0
BRDA:234,20,1,0
BRDA:238,21,0,0
BRDA:238,21,1,0
BRDA:244,22,0,0
BRDA:244,22,1,0
BRDA:244,22,2,0
BRDA:244,22,3,0
BRDA:244,22,4,0
BRDA:244,22,5,0
BRDA:244,22,6,0
BRDA:256,23,0,0
BRDA:256,23,1,0
BRDA:256,23,2,0
BRDA:256,23,3,0
BRDA:256,23,4,0
BRDA:266,24,0,0
BRDA:266,24,1,0
BRDA:266,24,2,0
BRDA:266,24,3,0
BRDA:266,24,4,0
BRDA:266,24,5,0
BRDA:266,24,6,0
BRDA:277,25,0,0
BRDA:277,25,1,0
BRDA:277,26,0,0
BRDA:277,26,1,0
BRDA:303,27,0,0
BRDA:303,27,1,0
BRDA:325,28,0,0
BRDA:325,28,1,0
BRDA:339,29,0,0
BRDA:339,29,1,0
BRDA:347,30,0,0
BRDA:347,30,1,0
BRDA:348,31,0,0
BRDA:348,31,1,0
BRDA:363,32,0,0
BRDA:363,32,1,0
BRDA:364,33,0,0
BRDA:364,33,1,0
BRDA:377,34,0,0
BRDA:377,34,1,0
BRDA:378,35,0,0
BRDA:378,35,1,0
BRDA:395,36,0,0
BRDA:395,36,1,0
BRDA:496,37,0,0
BRDA:496,37,1,0
BRDA:503,38,0,0
BRDA:503,38,1,0
BRDA:505,39,0,0
BRDA:505,39,1,0
BRDA:585,40,0,0
BRDA:585,40,1,0
BRDA:594,41,0,0
BRDA:594,41,1,0
BRDA:594,41,2,0
BRDA:599,42,0,0
BRDA:599,42,1,0
BRDA:697,43,0,0
BRDA:697,43,1,0
BRDA:725,44,0,0
BRDA:725,44,1,0
BRDA:728,45,0,0
BRDA:728,45,1,0
BRF:107
BRH:0
end_of_record
TN:
SF:src/components/Admin/ReminderWidget.tsx
FN:7,(anonymous_0)
FN:11,(anonymous_1)
FN:15,(anonymous_2)
FNF:3
FNH:0
FNDA:0,(anonymous_0)
FNDA:0,(anonymous_1)
FNDA:0,(anonymous_2)
DA:7,0
DA:8,0
DA:9,0
DA:11,0
DA:12,0
DA:15,0
DA:16,0
DA:17,0
DA:18,0
DA:19,0
DA:21,0
DA:23,0
DA:27,0
DA:28,0
DA:41,0
LF:15
LH:0
BRDA:19,0,0,0
BRDA:19,0,1,0
BRDA:27,1,0,0
BRDA:27,1,1,0
BRDA:57,2,0,0
BRDA:57,2,1,0
BRDA:73,3,0,0
BRDA:73,3,1,0
BRDA:78,4,0,0
BRDA:78,4,1,0
BRF:10
BRH:0
end_of_record
TN:
SF:src/components/Admin/SystemMonitor.tsx
FN:23,(anonymous_0)
FN:30,(anonymous_1)
FN:31,(anonymous_2)
FN:45,(anonymous_3)
FN:85,(anonymous_4)
FN:90,(anonymous_5)
FN:106,(anonymous_6)
FN:112,(anonymous_7)
FN:150,(anonymous_8)
FN:159,(anonymous_9)
FN:167,(anonymous_10)
FN:180,(anonymous_11)
FN:193,(anonymous_12)
FN:211,(anonymous_13)
FNF:14
FNH:0
FNDA:0,(anonymous_0)
FNDA:0,(anonymous_1)
FNDA:0,(anonymous_2)
FNDA:0,(anonymous_3)
FNDA:0,(anonymous_4)
FNDA:0,(anonymous_5)
FNDA:0,(anonymous_6)
FNDA:0,(anonymous_7)
FNDA:0,(anonymous_8)
FNDA:0,(anonymous_9)
FNDA:0,(anonymous_10)
FNDA:0,(anonymous_11)
FNDA:0,(anonymous_12)
FNDA:0,(anonymous_13)
DA:23,0
DA:24,0
DA:25,0
DA:26,0
DA:27,0
DA:28,0
DA:30,0
DA:31,0
DA:32,0
DA:33,0
DA:34,0
DA:35,0
DA:36,0
DA:38,0
DA:39,0
DA:41,0
DA:45,0
DA:46,0
DA:48,0
DA:49,0
DA:50,0
DA:59,0
DA:69,0
DA:70,0
DA:81,0
DA:82,0
DA:85,0
DA:86,0
DA:90,0
DA:91,0
DA:92,0
DA:93,0
DA:102,0
DA:106,0
DA:107,0
DA:108,0
DA:112,0
DA:113,0
DA:114,0
DA:115,0
DA:117,0
DA:119,0
DA:122,0
DA:123,0
DA:133,0
DA:134,0
DA:150,0
DA:151,0
DA:159,0
DA:160,0
DA:161,0
DA:162,0
DA:163,0
DA:164,0
DA:167,0
DA:168,0
DA:170,0
DA:172,0
DA:174,0
DA:176,0
DA:180,0
DA:181,0
DA:183,0
DA:185,0
DA:187,0
DA:189,0
DA:193,0
DA:206,0
DA:208,0
DA:211,0
DA:233,0
LF:71
LH:0
BRDA:49,0,0,0
BRDA:49,0,1,0
BRDA:95,1,0,0
BRDA:95,1,1,0
BRDA:114,2,0,0
BRDA:114,2,1,0
BRDA:122,3,0,0
BRDA:122,3,1,0
BRDA:133,4,0,0
BRDA:133,4,1,0
BRDA:133,5,0,0
BRDA:133,5,1,0
BRDA:160,6,0,0
BRDA:160,6,1,0
BRDA:168,7,0,0
BRDA:168,7,1,0
BRDA:168,7,2,0
BRDA:168,7,3,0
BRDA:181,8,0,0
BRDA:181,8,1,0
BRDA:181,8,2,0
BRDA:181,8,3,0
BRDA:198,9,0,0
BRDA:218,10,0,0
BRDA:218,10,1,0
BRDA:224,11,0,0
BRDA:224,11,1,0
BRDA:335,12,0,0
BRDA:335,12,1,0
BRDA:337,13,0,0
BRDA:337,13,1,0
BRDA:338,14,0,0
BRDA:338,14,1,0
BRDA:348,15,0,0
BRDA:348,15,1,0
BRDA:370,16,0,0
BRDA:370,16,1,0
BRDA:370,17,0,0
BRDA:370,17,1,0
BRF:39
BRH:0
end_of_record
TN:
SF:src/components/Admin/UserManagement.tsx
FN:78,(anonymous_0)
FN:159,(anonymous_1)
FN:163,(anonymous_2)
FN:167,(anonymous_3)
FN:171,(anonymous_4)
FN:187,(anonymous_5)
FN:196,(anonymous_6)
FN:225,(anonymous_7)
FN:239,(anonymous_8)
FN:249,(anonymous_9)
FN:254,(anonymous_10)
FN:260,(anonymous_11)
FN:265,(anonymous_12)
FN:270,(anonymous_13)
FN:275,(anonymous_14)
FN:283,(anonymous_15)
FN:308,(anonymous_16)
FN:313,(anonymous_17)
FN:323,(anonymous_18)
FN:328,(anonymous_19)
FN:333,(anonymous_20)
FN:339,(anonymous_21)
FN:374,(anonymous_22)
FN:391,(anonymous_23)
FN:406,(anonymous_24)
FN:441,(anonymous_25)
FN:483,(anonymous_26)
FN:499,(anonymous_27)
FN:510,(anonymous_28)
FN:521,(anonymous_29)
FN:563,(anonymous_30)
FN:571,(anonymous_31)
FN:575,(anonymous_32)
FN:577,(anonymous_33)
FN:585,(anonymous_34)
FN:589,(anonymous_35)
FN:597,(anonymous_36)
FN:608,(anonymous_37)
FN:630,(anonymous_38)
FN:641,(anonymous_39)
FN:683,(anonymous_40)
FN:714,(anonymous_41)
FN:745,(anonymous_42)
FN:751,(anonymous_43)
FN:776,(anonymous_44)
FN:790,(anonymous_45)
FN:823,(anonymous_46)
FN:835,(anonymous_47)
FN:866,(anonymous_48)
FN:873,(anonymous_49)
FN:880,(anonymous_50)
FN:907,(anonymous_51)
FN:924,(anonymous_52)
FN:937,(anonymous_53)
FN:951,(anonymous_54)
FN:957,(anonymous_55)
FN:972,(anonymous_56)
FN:984,(anonymous_57)
FN:987,(anonymous_58)
FN:989,(anonymous_59)
FN:1002,(anonymous_60)
FN:1013,(anonymous_61)
FN:1017,(anonymous_62)
FN:1029,(anonymous_63)
FN:1033,(anonymous_64)
FN:1046,(anonymous_65)
FN:1058,(anonymous_66)
FN:1067,(anonymous_67)
FN:1099,(anonymous_68)
FN:1116,(anonymous_69)
FN:1128,(anonymous_70)
FN:1131,(anonymous_71)
FN:1133,(anonymous_72)
FN:1146,(anonymous_73)
FN:1157,(anonymous_74)
FN:1161,(anonymous_75)
FN:1173,(anonymous_76)
FN:1177,(anonymous_77)
FN:1190,(anonymous_78)
FN:1202,(anonymous_79)
FN:1213,(anonymous_80)
FN:1224,(anonymous_81)
FN:1265,(anonymous_82)
FN:1296,(anonymous_83)
FN:1311,(anonymous_84)
FN:1323,(anonymous_85)
FN:1338,(anonymous_86)
FN:1342,(anonymous_87)
FN:1354,(anonymous_88)
FN:1371,(anonymous_89)
FN:1381,(anonymous_90)
FN:1404,(anonymous_91)
FN:1421,(anonymous_92)
FN:1446,(anonymous_93)
FN:1467,(anonymous_94)
FNF:95
FNH:0
FNDA:0,(anonymous_0)
FNDA:0,(anonymous_1)
FNDA:0,(anonymous_2)
FNDA:0,(anonymous_3)
FNDA:0,(anonymous_4)
FNDA:0,(anonymous_5)
FNDA:0,(anonymous_6)
FNDA:0,(anonymous_7)
FNDA:0,(anonymous_8)
FNDA:0,(anonymous_9)
FNDA:0,(anonymous_10)
FNDA:0,(anonymous_11)
FNDA:0,(anonymous_12)
FNDA:0,(anonymous_13)
FNDA:0,(anonymous_14)
FNDA:0,(anonymous_15)
FNDA:0,(anonymous_16)
FNDA:0,(anonymous_17)
FNDA:0,(anonymous_18)
FNDA:0,(anonymous_19)
FNDA:0,(anonymous_20)
FNDA:0,(anonymous_21)
FNDA:0,(anonymous_22)
FNDA:0,(anonymous_23)
FNDA:0,(anonymous_24)
FNDA:0,(anonymous_25)
FNDA:0,(anonymous_26)
FNDA:0,(anonymous_27)
FNDA:0,(anonymous_28)
FNDA:0,(anonymous_29)
FNDA:0,(anonymous_30)
FNDA:0,(anonymous_31)
FNDA:0,(anonymous_32)
FNDA:0,(anonymous_33)
FNDA:0,(anonymous_34)
FNDA:0,(anonymous_35)
FNDA:0,(anonymous_36)
FNDA:0,(anonymous_37)
FNDA:0,(anonymous_38)
FNDA:0,(anonymous_39)
FNDA:0,(anonymous_40)
FNDA:0,(anonymous_41)
FNDA:0,(anonymous_42)
FNDA:0,(anonymous_43)
FNDA:0,(anonymous_44)
FNDA:0,(anonymous_45)
FNDA:0,(anonymous_46)
FNDA:0,(anonymous_47)
FNDA:0,(anonymous_48)
FNDA:0,(anonymous_49)
FNDA:0,(anonymous_50)
FNDA:0,(anonymous_51)
FNDA:0,(anonymous_52)
FNDA:0,(anonymous_53)
FNDA:0,(anonymous_54)
FNDA:0,(anonymous_55)
FNDA:0,(anonymous_56)
FNDA:0,(anonymous_57)
FNDA:0,(anonymous_58)
FNDA:0,(anonymous_59)
FNDA:0,(anonymous_60)
FNDA:0,(anonymous_61)
FNDA:0,(anonymous_62)
FNDA:0,(anonymous_63)
FNDA:0,(anonymous_64)
FNDA:0,(anonymous_65)
FNDA:0,(anonymous_66)
FNDA:0,(anonymous_67)
FNDA:0,(anonymous_68)
FNDA:0,(anonymous_69)
FNDA:0,(anonymous_70)
FNDA:0,(anonymous_71)
FNDA:0,(anonymous_72)
FNDA:0,(anonymous_73)
FNDA:0,(anonymous_74)
FNDA:0,(anonymous_75)
FNDA:0,(anonymous_76)
FNDA:0,(anonymous_77)
FNDA:0,(anonymous_78)
FNDA:0,(anonymous_79)
FNDA:0,(anonymous_80)
FNDA:0,(anonymous_81)
FNDA:0,(anonymous_82)
FNDA:0,(anonymous_83)
FNDA:0,(anonymous_84)
FNDA:0,(anonymous_85)
FNDA:0,(anonymous_86)
FNDA:0,(anonymous_87)
FNDA:0,(anonymous_88)
FNDA:0,(anonymous_89)
FNDA:0,(anonymous_90)
FNDA:0,(anonymous_91)
FNDA:0,(anonymous_92)
FNDA:0,(anonymous_93)
FNDA:0,(anonymous_94)
DA:78,0
DA:79,0
DA:80,0
DA:81,0
DA:82,0
DA:83,0
DA:84,0
DA:85,0
DA:86,0
DA:87,0
DA:90,0
DA:91,0
DA:92,0
DA:93,0
DA:94,0
DA:97,0
DA:98,0
DA:99,0
DA:100,0
DA:101,0
DA:102,0
DA:111,0
DA:112,0
DA:115,0
DA:129,0
DA:141,0
DA:142,0
DA:143,0
DA:144,0
DA:145,0
DA:146,0
DA:149,0
DA:155,0
DA:159,0
DA:160,0
DA:163,0
DA:164,0
DA:167,0
DA:168,0
DA:171,0
DA:172,0
DA:173,0
DA:174,0
DA:176,0
DA:177,0
DA:178,0
DA:180,0
DA:181,0
DA:183,0
DA:187,0
DA:188,0
DA:189,0
DA:190,0
DA:192,0
DA:196,0
DA:197,0
DA:198,0
DA:199,0
DA:202,0
DA:203,0
DA:204,0
DA:205,0
DA:206,0
DA:207,0
DA:208,0
DA:217,0
DA:218,0
DA:219,0
DA:221,0
DA:225,0
DA:226,0
DA:227,0
DA:230,0
DA:231,0
DA:232,0
DA:233,0
DA:235,0
DA:239,0
DA:240,0
DA:241,0
DA:242,0
DA:243,0
DA:245,0
DA:249,0
DA:250,0
DA:251,0
DA:252,0
DA:253,0
DA:254,0
DA:256,0
DA:260,0
DA:261,0
DA:262,0
DA:265,0
DA:266,0
DA:267,0
DA:270,0
DA:271,0
DA:275,0
DA:276,0
DA:278,0
DA:282,0
DA:283,0
DA:284,0
DA:290,0
DA:291,0
DA:292,0
DA:293,0
DA:294,0
DA:295,0
DA:298,0
DA:301,0
DA:305,0
DA:308,0
DA:309,0
DA:312,0
DA:313,0
DA:314,0
DA:322,0
DA:323,0
DA:327,0
DA:328,0
DA:332,0
DA:333,0
DA:334,0
DA:339,0
DA:342,0
DA:344,0
DA:345,0
DA:346,0
DA:348,0
DA:349,0
DA:350,0
DA:352,0
DA:353,0
DA:354,0
DA:356,0
DA:357,0
DA:358,0
DA:360,0
DA:361,0
DA:364,0
DA:365,0
DA:367,0
DA:371,0
DA:374,0
DA:375,0
DA:388,0
DA:391,0
DA:392,0
DA:393,0
DA:403,0
DA:406,0
DA:407,0
DA:409,0
DA:410,0
DA:412,0
DA:421,0
DA:427,0
DA:428,0
DA:431,0
DA:432,0
DA:433,0
DA:435,0
DA:437,0
DA:441,0
DA:442,0
DA:443,0
DA:444,0
DA:447,0
DA:448,0
DA:449,0
DA:452,0
DA:453,0
DA:455,0
DA:463,0
DA:473,0
DA:474,0
DA:475,0
DA:477,0
DA:479,0
DA:483,0
DA:484,0
DA:486,0
DA:487,0
DA:488,0
DA:489,0
DA:490,0
DA:491,0
DA:493,0
DA:495,0
DA:499,0
DA:500,0
DA:501,0
DA:502,0
DA:503,0
DA:504,0
DA:505,0
DA:506,0
DA:510,0
DA:511,0
DA:512,0
DA:513,0
DA:514,0
DA:515,0
DA:516,0
DA:517,0
DA:521,0
DA:522,0
DA:523,0
DA:524,0
DA:525,0
DA:527,0
DA:528,0
DA:529,0
DA:530,0
DA:531,0
DA:534,0
DA:535,0
DA:543,0
DA:563,0
DA:571,0
DA:576,0
DA:577,0
DA:585,0
DA:590,0
DA:597,0
DA:609,0
DA:610,0
DA:611,0
DA:630,0
DA:641,0
DA:684,0
DA:714,0
DA:745,0
DA:752,0
DA:753,0
DA:776,0
DA:790,0
DA:824,0
DA:835,0
DA:866,0
DA:873,0
DA:880,0
DA:907,0
DA:924,0
DA:937,0
DA:951,0
DA:957,0
DA:972,0
DA:984,0
DA:988,0
DA:989,0
DA:1002,0
DA:1013,0
DA:1018,0
DA:1029,0
DA:1034,0
DA:1046,0
DA:1058,0
DA:1067,0
DA:1099,0
DA:1116,0
DA:1128,0
DA:1132,0
DA:1133,0
DA:1146,0
DA:1157,0
DA:1162,0
DA:1173,0
DA:1178,0
DA:1190,0
DA:1202,0
DA:1213,0
DA:1224,0
DA:1265,0
DA:1296,0
DA:1311,0
DA:1323,0
DA:1338,0
DA:1343,0
DA:1354,0
DA:1371,0
DA:1381,0
DA:1404,0
DA:1421,0
DA:1446,0
DA:1467,0
LF:288
LH:0
BRDA:197,0,0,0
BRDA:197,0,1,0
BRDA:226,1,0,0
BRDA:226,1,1,0
BRDA:278,2,0,0
BRDA:278,2,1,0
BRDA:278,2,2,0
BRDA:282,3,0,0
BRDA:282,3,1,0
BRDA:284,4,0,0
BRDA:284,4,1,0
BRDA:284,4,2,0
BRDA:284,4,3,0
BRDA:290,5,0,0
BRDA:290,5,1,0
BRDA:292,6,0,0
BRDA:292,6,1,0
BRDA:293,7,0,0
BRDA:293,7,1,0
BRDA:312,8,0,0
BRDA:312,8,1,0
BRDA:314,9,0,0
BRDA:314,9,1,0
BRDA:314,9,2,0
BRDA:314,9,3,0
BRDA:322,10,0,0
BRDA:322,10,1,0
BRDA:327,11,0,0
BRDA:327,11,1,0
BRDA:332,12,0,0
BRDA:332,12,1,0
BRDA:334,13,0,0
BRDA:334,13,1,0
BRDA:342,14,0,0
BRDA:342,14,1,0
BRDA:342,14,2,0
BRDA:342,14,3,0
BRDA:342,14,4,0
BRDA:344,15,0,0
BRDA:344,15,1,0
BRDA:345,16,0,0
BRDA:345,16,1,0
BRDA:352,17,0,0
BRDA:352,17,1,0
BRDA:353,18,0,0
BRDA:353,18,1,0
BRDA:356,19,0,0
BRDA:356,19,1,0
BRDA:357,20,0,0
BRDA:357,20,1,0
BRDA:360,21,0,0
BRDA:360,21,1,0
BRDA:361,22,0,0
BRDA:361,22,1,0
BRDA:364,23,0,0
BRDA:364,23,1,0
BRDA:365,24,0,0
BRDA:365,24,1,0
BRDA:367,25,0,0
BRDA:367,25,1,0
BRDA:394,26,0,0
BRDA:394,26,1,0
BRDA:396,27,0,0
BRDA:396,27,1,0
BRDA:397,28,0,0
BRDA:397,28,1,0
BRDA:398,29,0,0
BRDA:398,29,1,0
BRDA:399,30,0,0
BRDA:399,30,1,0
BRDA:400,31,0,0
BRDA:400,31,1,0
BRDA:407,32,0,0
BRDA:407,32,1,0
BRDA:427,33,0,0
BRDA:427,33,1,0
BRDA:442,34,0,0
BRDA:442,34,1,0
BRDA:447,35,0,0
BRDA:447,35,1,0
BRDA:484,36,0,0
BRDA:484,36,1,0
BRDA:500,37,0,0
BRDA:500,37,1,0
BRDA:500,37,2,0
BRDA:500,37,3,0
BRDA:500,37,4,0
BRDA:500,37,5,0
BRDA:511,38,0,0
BRDA:511,38,1,0
BRDA:511,38,2,0
BRDA:511,38,3,0
BRDA:511,38,4,0
BRDA:511,38,5,0
BRDA:522,39,0,0
BRDA:522,39,1,0
BRDA:527,40,0,0
BRDA:527,40,1,0
BRDA:528,41,0,0
BRDA:528,41,1,0
BRDA:529,42,0,0
BRDA:529,42,1,0
BRDA:530,43,0,0
BRDA:530,43,1,0
BRDA:534,44,0,0
BRDA:534,44,1,0
BRDA:632,45,0,0
BRDA:632,45,1,0
BRDA:643,46,0,0
BRDA:643,46,1,0
BRDA:654,47,0,0
BRDA:654,47,1,0
BRDA:688,48,0,0
BRDA:688,48,1,0
BRDA:698,49,0,0
BRDA:698,49,1,0
BRDA:701,50,0,0
BRDA:701,50,1,0
BRDA:720,51,0,0
BRDA:720,51,1,0
BRDA:722,52,0,0
BRDA:722,52,1,0
BRDA:735,53,0,0
BRDA:735,53,1,0
BRDA:739,54,0,0
BRDA:739,54,1,0
BRDA:784,55,0,0
BRDA:784,55,1,0
BRDA:827,56,0,0
BRDA:827,56,1,0
BRDA:851,57,0,0
BRDA:851,57,1,0
BRDA:853,58,0,0
BRDA:853,58,1,0
BRDA:857,59,0,0
BRDA:857,59,1,0
BRDA:858,60,0,0
BRDA:858,60,1,0
BRDA:859,61,0,0
BRDA:859,61,1,0
BRDA:900,62,0,0
BRDA:900,62,1,0
BRDA:949,63,0,0
BRDA:949,63,1,0
BRDA:960,64,0,0
BRDA:960,64,1,0
BRDA:1077,65,0,0
BRDA:1077,65,1,0
BRDA:1092,66,0,0
BRDA:1092,66,1,0
BRDA:1092,66,2,0
BRDA:1234,67,0,0
BRDA:1234,67,1,0
BRDA:1249,68,0,0
BRDA:1249,68,1,0
BRDA:1249,68,2,0
BRDA:1275,69,0,0
BRDA:1275,69,1,0
BRDA:1290,70,0,0
BRDA:1290,70,1,0
BRDA:1398,71,0,0
BRDA:1398,71,1,0
BRDA:1398,71,2,0
BRDA:1426,72,0,0
BRDA:1426,72,1,0
BRDA:1453,73,0,0
BRDA:1453,73,1,0
BRF:167
BRH:0
end_of_record
TN:
SF:src/components/Admin/UserManagementOptimized.tsx
FN:61,(anonymous_0)
FN:65,(anonymous_1)
FN:71,(anonymous_2)
FN:75,(anonymous_3)
FN:89,(anonymous_4)
FN:100,(anonymous_5)
FN:105,(anonymous_6)
FN:113,(anonymous_7)
FN:118,(anonymous_8)
FN:123,(anonymous_9)
FN:131,(anonymous_10)
FN:166,(anonymous_11)
FN:178,(anonymous_12)
FN:189,(anonymous_13)
FN:195,(anonymous_14)
FN:206,(anonymous_15)
FN:234,(anonymous_16)
FN:239,(anonymous_17)
FN:247,(anonymous_18)
FN:249,(anonymous_19)
FN:250,(anonymous_20)
FN:251,(anonymous_21)
FN:252,(anonymous_22)
FN:282,(anonymous_23)
FN:289,(anonymous_24)
FN:347,(anonymous_25)
FN:355,(anonymous_26)
FN:359,(anonymous_27)
FN:366,(anonymous_28)
FN:370,(anonymous_29)
FN:377,(anonymous_30)
FN:414,(anonymous_31)
FN:457,(anonymous_32)
FN:476,(anonymous_33)
FN:501,(anonymous_34)
FN:527,(anonymous_35)
FN:545,(anonymous_36)
FN:558,(anonymous_37)
FN:569,(anonymous_38)
FN:572,(anonymous_39)
FN:585,(anonymous_40)
FN:598,(anonymous_41)
FN:607,(anonymous_42)
FN:633,(anonymous_43)
FN:651,(anonymous_44)
FN:662,(anonymous_45)
FN:665,(anonymous_46)
FN:677,(anonymous_47)
FN:681,(anonymous_48)
FN:693,(anonymous_49)
FN:697,(anonymous_50)
FN:708,(anonymous_51)
FN:719,(anonymous_52)
FN:745,(anonymous_53)
FN:764,(anonymous_54)
FN:790,(anonymous_55)
FN:808,(anonymous_56)
FN:820,(anonymous_57)
FN:823,(anonymous_58)
FN:835,(anonymous_59)
FN:839,(anonymous_60)
FN:851,(anonymous_61)
FN:863,(anonymous_62)
FN:877,(anonymous_63)
FNF:64
FNH:0
FNDA:0,(anonymous_0)
FNDA:0,(anonymous_1)
FNDA:0,(anonymous_2)
FNDA:0,(anonymous_3)
FNDA:0,(anonymous_4)
FNDA:0,(anonymous_5)
FNDA:0,(anonymous_6)
FNDA:0,(anonymous_7)
FNDA:0,(anonymous_8)
FNDA:0,(anonymous_9)
FNDA:0,(anonymous_10)
FNDA:0,(anonymous_11)
FNDA:0,(anonymous_12)
FNDA:0,(anonymous_13)
FNDA:0,(anonymous_14)
FNDA:0,(anonymous_15)
FNDA:0,(anonymous_16)
FNDA:0,(anonymous_17)
FNDA:0,(anonymous_18)
FNDA:0,(anonymous_19)
FNDA:0,(anonymous_20)
FNDA:0,(anonymous_21)
FNDA:0,(anonymous_22)
FNDA:0,(anonymous_23)
FNDA:0,(anonymous_24)
FNDA:0,(anonymous_25)
FNDA:0,(anonymous_26)
FNDA:0,(anonymous_27)
FNDA:0,(anonymous_28)
FNDA:0,(anonymous_29)
FNDA:0,(anonymous_30)
FNDA:0,(anonymous_31)
FNDA:0,(anonymous_32)
FNDA:0,(anonymous_33)
FNDA:0,(anonymous_34)
FNDA:0,(anonymous_35)
FNDA:0,(anonymous_36)
FNDA:0,(anonymous_37)
FNDA:0,(anonymous_38)
FNDA:0,(anonymous_39)
FNDA:0,(anonymous_40)
FNDA:0,(anonymous_41)
FNDA:0,(anonymous_42)
FNDA:0,(anonymous_43)
FNDA:0,(anonymous_44)
FNDA:0,(anonymous_45)
FNDA:0,(anonymous_46)
FNDA:0,(anonymous_47)
FNDA:0,(anonymous_48)
FNDA:0,(anonymous_49)
FNDA:0,(anonymous_50)
FNDA:0,(anonymous_51)
FNDA:0,(anonymous_52)
FNDA:0,(anonymous_53)
FNDA:0,(anonymous_54)
FNDA:0,(anonymous_55)
FNDA:0,(anonymous_56)
FNDA:0,(anonymous_57)
FNDA:0,(anonymous_58)
FNDA:0,(anonymous_59)
FNDA:0,(anonymous_60)
FNDA:0,(anonymous_61)
FNDA:0,(anonymous_62)
FNDA:0,(anonymous_63)
DA:61,0
DA:62,0
DA:65,0
DA:66,0
DA:67,0
DA:71,0
DA:72,0
DA:75,0
DA:76,0
DA:77,0
DA:79,0
DA:80,0
DA:82,0
DA:83,0
DA:85,0
DA:89,0
DA:90,0
DA:92,0
DA:93,0
DA:95,0
DA:96,0
DA:100,0
DA:101,0
DA:104,0
DA:105,0
DA:106,0
DA:112,0
DA:113,0
DA:117,0
DA:118,0
DA:122,0
DA:123,0
DA:124,0
DA:128,0
DA:131,0
DA:132,0
DA:134,0
DA:135,0
DA:136,0
DA:139,0
DA:140,0
DA:141,0
DA:145,0
DA:156,0
DA:157,0
DA:158,0
DA:161,0
DA:162,0
DA:166,0
DA:167,0
DA:169,0
DA:171,0
DA:177,0
DA:178,0
DA:180,0
DA:181,0
DA:184,0
DA:185,0
DA:189,0
DA:190,0
DA:192,0
DA:194,0
DA:195,0
DA:197,0
DA:198,0
DA:201,0
DA:202,0
DA:206,0
DA:207,0
DA:209,0
DA:210,0
DA:211,0
DA:215,0
DA:224,0
DA:225,0
DA:226,0
DA:229,0
DA:230,0
DA:234,0
DA:235,0
DA:236,0
DA:237,0
DA:238,0
DA:239,0
DA:241,0
DA:242,0
DA:247,0
DA:249,0
DA:250,0
DA:251,0
DA:252,0
DA:255,0
DA:256,0
DA:261,0
DA:262,0
DA:272,0
DA:282,0
DA:289,0
DA:347,0
DA:355,0
DA:360,0
DA:366,0
DA:371,0
DA:377,0
DA:415,0
DA:458,0
DA:459,0
DA:468,0
DA:477,0
DA:478,0
DA:501,0
DA:528,0
DA:529,0
DA:545,0
DA:558,0
DA:569,0
DA:573,0
DA:585,0
DA:598,0
DA:608,0
DA:609,0
DA:634,0
DA:635,0
DA:651,0
DA:662,0
DA:666,0
DA:677,0
DA:682,0
DA:693,0
DA:698,0
DA:708,0
DA:720,0
DA:721,0
DA:746,0
DA:747,0
DA:765,0
DA:766,0
DA:791,0
DA:792,0
DA:808,0
DA:820,0
DA:824,0
DA:835,0
DA:840,0
DA:851,0
DA:863,0
DA:878,0
DA:879,0
LF:148
LH:0
BRDA:104,0,0,0
BRDA:104,0,1,0
BRDA:106,1,0,0
BRDA:106,1,1,0
BRDA:112,2,0,0
BRDA:112,2,1,0
BRDA:117,3,0,0
BRDA:117,3,1,0
BRDA:122,4,0,0
BRDA:122,4,1,0
BRDA:124,5,0,0
BRDA:124,5,1,0
BRDA:134,6,0,0
BRDA:134,6,1,0
BRDA:134,7,0,0
BRDA:134,7,1,0
BRDA:139,8,0,0
BRDA:139,8,1,0
BRDA:151,9,0,0
BRDA:151,9,1,0
BRDA:153,10,0,0
BRDA:153,10,1,0
BRDA:167,11,0,0
BRDA:167,11,1,0
BRDA:178,12,0,0
BRDA:178,12,1,0
BRDA:190,13,0,0
BRDA:190,13,1,0
BRDA:209,14,0,0
BRDA:209,14,1,0
BRDA:261,15,0,0
BRDA:261,15,1,0
BRDA:420,16,0,0
BRDA:420,16,1,0
BRDA:425,17,0,0
BRDA:425,17,1,0
BRDA:433,18,0,0
BRDA:433,18,1,0
BRDA:434,19,0,0
BRDA:434,19,1,0
BRDA:435,20,0,0
BRDA:435,20,1,0
BRDA:442,21,0,0
BRDA:442,21,1,0
BRDA:446,22,0,0
BRDA:446,22,1,0
BRDA:448,23,0,0
BRDA:448,23,1,0
BRDA:452,24,0,0
BRDA:452,24,1,0
BRDA:460,25,0,0
BRDA:460,25,1,0
BRDA:462,26,0,0
BRDA:462,26,1,0
BRDA:463,27,0,0
BRDA:463,27,1,0
BRDA:464,28,0,0
BRDA:464,28,1,0
BRDA:465,29,0,0
BRDA:465,29,1,0
BRDA:495,30,0,0
BRDA:495,30,1,0
BRDA:511,31,0,0
BRDA:511,31,1,0
BRDA:521,32,0,0
BRDA:521,32,1,0
BRDA:627,33,0,0
BRDA:627,33,1,0
BRDA:627,33,2,0
BRDA:739,34,0,0
BRDA:739,34,1,0
BRDA:739,34,2,0
BRDA:757,35,0,0
BRDA:757,35,1,0
BRDA:784,36,0,0
BRDA:784,36,1,0
BRF:76
BRH:0
end_of_record
TN:
SF:src/components/Analytics/AnalyticsDashboard.tsx
FN:23,(anonymous_0)
FN:42,(anonymous_1)
FN:43,(anonymous_2)
FN:95,(anonymous_3)
FN:101,(anonymous_4)
FN:123,(anonymous_5)
FN:133,(anonymous_6)
FN:143,(anonymous_7)
FN:215,(anonymous_8)
FN:231,(anonymous_9)
FN:248,(anonymous_10)
FNF:11
FNH:0
FNDA:0,(anonymous_0)
FNDA:0,(anonymous_1)
FNDA:0,(anonymous_2)
FNDA:0,(anonymous_3)
FNDA:0,(anonymous_4)
FNDA:0,(anonymous_5)
FNDA:0,(anonymous_6)
FNDA:0,(anonymous_7)
FNDA:0,(anonymous_8)
FNDA:0,(anonymous_9)
FNDA:0,(anonymous_10)
DA:23,0
DA:24,0
DA:39,0
DA:42,0
DA:43,0
DA:44,0
DA:45,0
DA:48,0
DA:49,0
DA:52,0
DA:55,0
DA:61,0
DA:73,0
DA:75,0
DA:92,0
DA:95,0
DA:96,0
DA:97,0
DA:98,0
DA:101,0
DA:102,0
DA:103,0
DA:108,0
DA:123,0
DA:133,0
DA:143,0
DA:216,0
DA:232,0
DA:249,0
LF:29
LH:0
BRDA:102,0,0,0
BRDA:102,0,1,0
BRDA:125,1,0,0
BRDA:125,1,1,0
BRDA:135,2,0,0
BRDA:135,2,1,0
BRDA:145,3,0,0
BRDA:145,3,1,0
BRF:8
BRH:0
end_of_record
TN:
SF:src/components/Analytics/AnalyticsTest.tsx
FN:4,(anonymous_0)
FN:16,(anonymous_1)
FN:17,(anonymous_2)
FN:95,(anonymous_3)
FN:103,(anonymous_4)
FN:134,(anonymous_5)
FN:160,(anonymous_6)
FN:165,(anonymous_7)
FNF:8
FNH:0
FNDA:0,(anonymous_0)
FNDA:0,(anonymous_1)
FNDA:0,(anonymous_2)
FNDA:0,(anonymous_3)
FNDA:0,(anonymous_4)
FNDA:0,(anonymous_5)
FNDA:0,(anonymous_6)
FNDA:0,(anonymous_7)
DA:4,0
DA:5,0
DA:6,0
DA:16,0
DA:17,0
DA:18,0
DA:21,0
DA:22,0
DA:23,0
DA:25,0
DA:28,0
DA:32,0
DA:33,0
DA:34,0
DA:36,0
DA:40,0
DA:41,0
DA:42,0
DA:44,0
DA:48,0
DA:49,0
DA:50,0
DA:52,0
DA:56,0
DA:57,0
DA:58,0
DA:60,0
DA:64,0
DA:65,0
DA:67,0
DA:69,0
DA:73,0
DA:74,0
DA:75,0
DA:76,0
DA:78,0
DA:79,0
DA:80,0
DA:81,0
DA:83,0
DA:84,0
DA:86,0
DA:89,0
DA:92,0
DA:95,0
DA:96,0
DA:97,0
DA:98,0
DA:99,0
DA:103,0
DA:104,0
DA:105,0
DA:106,0
DA:107,0
DA:111,0
DA:135,0
DA:160,0
DA:165,0
LF:58
LH:0
BRDA:22,0,0,0
BRDA:22,0,1,0
BRDA:22,1,0,0
BRDA:22,1,1,0
BRDA:65,2,0,0
BRDA:65,2,1,0
BRDA:66,3,0,0
BRDA:66,3,1,0
BRDA:79,4,0,0
BRDA:79,4,1,0
BRDA:80,5,0,0
BRDA:80,5,1,0
BRDA:81,6,0,0
BRDA:81,6,1,0
BRDA:83,7,0,0
BRDA:83,7,1,0
BRDA:96,8,0,0
BRDA:96,8,1,0
BRDA:96,8,2,0
BRDA:104,9,0,0
BRDA:104,9,1,0
BRDA:104,9,2,0
BRDA:144,10,0,0
BRDA:144,10,1,0
BRDA:145,11,0,0
BRDA:145,11,1,0
BRF:26
BRH:0
end_of_record
TN:
SF:src/components/Analytics/PerformanceMonitor.tsx
FN:9,(anonymous_0)
FN:14,(anonymous_1)
FN:20,(anonymous_2)
FN:26,(anonymous_3)
FN:35,(anonymous_4)
FN:45,(anonymous_5)
FN:47,(anonymous_6)
FN:56,(anonymous_7)
FN:58,(anonymous_8)
FN:68,(anonymous_9)
FN:98,(anonymous_10)
FN:112,(anonymous_11)
FN:121,(anonymous_12)
FN:138,(anonymous_13)
FNF:14
FNH:0
FNDA:0,(anonymous_0)
FNDA:0,(anonymous_1)
FNDA:0,(anonymous_2)
FNDA:0,(anonymous_3)
FNDA:0,(anonymous_4)
FNDA:0,(anonymous_5)
FNDA:0,(anonymous_6)
FNDA:0,(anonymous_7)
FNDA:0,(anonymous_8)
FNDA:0,(anonymous_9)
FNDA:0,(anonymous_10)
FNDA:0,(anonymous_11)
FNDA:0,(anonymous_12)
FNDA:0,(anonymous_13)
DA:9,0
DA:10,0
DA:11,0
DA:12,0
DA:14,0
DA:16,0
DA:17,0
DA:20,0
DA:21,0
DA:22,0
DA:26,0
DA:27,0
DA:28,0
DA:32,0
DA:33,0
DA:35,0
DA:36,0
DA:37,0
DA:38,0
DA:39,0
DA:42,0
DA:45,0
DA:46,0
DA:47,0
DA:48,0
DA:49,0
DA:53,0
DA:56,0
DA:57,0
DA:58,0
DA:59,0
DA:60,0
DA:63,0
DA:65,0
DA:68,0
DA:69,0
DA:70,0
DA:71,0
DA:72,0
DA:75,0
DA:78,0
DA:83,0
DA:84,0
DA:86,0
DA:90,0
DA:91,0
DA:93,0
DA:97,0
DA:98,0
DA:99,0
DA:100,0
DA:101,0
DA:103,0
DA:104,0
DA:105,0
DA:109,0
DA:112,0
DA:113,0
DA:114,0
DA:118,0
DA:121,0
DA:122,0
DA:123,0
DA:126,0
DA:127,0
DA:128,0
DA:129,0
DA:132,0
DA:133,0
DA:138,0
DA:139,0
DA:140,0
DA:143,0
LF:73
LH:0
BRDA:32,0,0,0
BRDA:32,0,1,0
BRDA:38,1,0,0
BRDA:38,1,1,0
BRDA:48,2,0,0
BRDA:48,2,1,0
BRDA:48,3,0,0
BRDA:48,3,1,0
BRDA:59,4,0,0
BRDA:59,4,1,0
BRDA:71,5,0,0
BRDA:71,5,1,0
BRDA:83,6,0,0
BRDA:83,6,1,0
BRDA:90,7,0,0
BRDA:90,7,1,0
BRDA:103,8,0,0
BRDA:103,8,1,0
BRDA:122,9,0,0
BRDA:122,9,1,0
BRF:20
BRH:0
end_of_record
TN:
SF:src/components/Analytics/index.ts
FNF:0
FNH:0
LF:0
LH:0
BRF:0
BRH:0
end_of_record
TN:
SF:src/components/Announcements/AnnouncementCard.tsx
FN:13,(anonymous_0)
FN:22,(anonymous_1)
FN:28,(anonymous_2)
FN:35,(anonymous_3)
FN:49,(anonymous_4)
FN:67,(anonymous_5)
FN:73,(anonymous_6)
FN:151,(anonymous_7)
FN:175,(anonymous_8)
FNF:9
FNH:0
FNDA:0,(anonymous_0)
FNDA:0,(anonymous_1)
FNDA:0,(anonymous_2)
FNDA:0,(anonymous_3)
FNDA:0,(anonymous_4)
FNDA:0,(anonymous_5)
FNDA:0,(anonymous_6)
FNDA:0,(anonymous_7)
FNDA:0,(anonymous_8)
DA:13,0
DA:20,0
DA:22,0
DA:23,0
DA:24,0
DA:28,0
DA:29,0
DA:30,0
DA:31,0
DA:35,0
DA:36,0
DA:37,0
DA:38,0
DA:45,0
DA:49,0
DA:50,0
DA:52,0
DA:53,0
DA:54,0
DA:56,0
DA:57,0
DA:58,0
DA:60,0
DA:67,0
DA:68,0
DA:69,0
DA:70,0
DA:73,0
DA:74,0
DA:75,0
DA:76,0
DA:79,0
DA:152,0
DA:176,0
DA:177,0
LF:35
LH:0
BRDA:17,0,0,0
BRDA:18,1,0,0
BRDA:23,2,0,0
BRDA:23,2,1,0
BRDA:30,3,0,0
BRDA:30,3,1,0
BRDA:37,4,0,0
BRDA:37,4,1,0
BRDA:50,5,0,0
BRDA:50,5,1,0
BRDA:52,6,0,0
BRDA:52,6,1,0
BRDA:56,7,0,0
BRDA:56,7,1,0
BRDA:57,8,0,0
BRDA:57,8,1,0
BRDA:57,9,0,0
BRDA:57,9,1,0
BRDA:58,10,0,0
BRDA:58,10,1,0
BRDA:63,11,0,0
BRDA:63,11,1,0
BRDA:68,12,0,0
BRDA:68,12,1,0
BRDA:69,13,0,0
BRDA:69,13,1,0
BRDA:74,14,0,0
BRDA:74,14,1,0
BRDA:75,15,0,0
BRDA:75,15,1,0
BRDA:82,16,0,0
BRDA:82,16,1,0
BRDA:87,17,0,0
BRDA:87,17,1,0
BRDA:98,18,0,0
BRDA:98,18,1,0
BRDA:110,19,0,0
BRDA:110,19,1,0
BRDA:110,19,2,0
BRDA:120,20,0,0
BRDA:120,20,1,0
BRDA:133,21,0,0
BRDA:133,21,1,0
BRDA:147,22,0,0
BRDA:147,22,1,0
BRDA:147,22,2,0
BRDA:160,23,0,0
BRDA:160,23,1,0
BRDA:182,24,0,0
BRDA:182,24,1,0
BRDA:195,25,0,0
BRDA:195,25,1,0
BRF:52
BRH:0
end_of_record
TN:
SF:src/components/Announcements/AnnouncementFeed.tsx
FN:21,(anonymous_0)
FN:37,(anonymous_1)
FN:38,(anonymous_2)
FN:63,(anonymous_3)
FN:75,(anonymous_4)
FN:76,(anonymous_5)
FN:82,(anonymous_6)
FN:90,(anonymous_7)
FN:94,(anonymous_8)
FN:95,(anonymous_9)
FN:109,(anonymous_10)
FN:122,(anonymous_11)
FN:135,(anonymous_12)
FN:151,(anonymous_13)
FN:197,(anonymous_14)
FN:215,(anonymous_15)
FN:217,(anonymous_16)
FNF:17
FNH:0
FNDA:0,(anonymous_0)
FNDA:0,(anonymous_1)
FNDA:0,(anonymous_2)
FNDA:0,(anonymous_3)
FNDA:0,(anonymous_4)
FNDA:0,(anonymous_5)
FNDA:0,(anonymous_6)
FNDA:0,(anonymous_7)
FNDA:0,(anonymous_8)
FNDA:0,(anonymous_9)
FNDA:0,(anonymous_10)
FNDA:0,(anonymous_11)
FNDA:0,(anonymous_12)
FNDA:0,(anonymous_13)
FNDA:0,(anonymous_14)
FNDA:0,(anonymous_15)
FNDA:0,(anonymous_16)
DA:21,0
DA:28,0
DA:34,0
DA:37,0
DA:38,0
DA:40,0
DA:41,0
DA:43,0
DA:46,0
DA:50,0
DA:51,0
DA:55,0
DA:56,0
DA:59,0
DA:63,0
DA:65,0
DA:66,0
DA:69,0
DA:70,0
DA:71,0
DA:75,0
DA:76,0
DA:82,0
DA:83,0
DA:90,0
DA:91,0
DA:94,0
DA:95,0
DA:97,0
DA:109,0
DA:122,0
DA:135,0
DA:151,0
DA:198,0
DA:216,0
DA:218,0
DA:219,0
DA:222,0
DA:223,0
LF:39
LH:0
BRDA:25,0,0,0
BRDA:26,1,0,0
BRDA:40,2,0,0
BRDA:40,2,1,0
BRDA:43,3,0,0
BRDA:43,3,1,0
BRDA:46,4,0,0
BRDA:46,4,1,0
BRDA:50,5,0,0
BRDA:50,5,1,0
BRDA:50,6,0,0
BRDA:50,6,1,0
BRDA:55,7,0,0
BRDA:55,7,1,0
BRDA:55,8,0,0
BRDA:55,8,1,0
BRDA:65,9,0,0
BRDA:65,9,1,0
BRDA:65,10,0,0
BRDA:65,10,1,0
BRDA:66,11,0,0
BRDA:66,11,1,0
BRDA:66,12,0,0
BRDA:66,12,1,0
BRDA:69,13,0,0
BRDA:69,13,1,0
BRDA:70,14,0,0
BRDA:70,14,1,0
BRDA:91,15,0,0
BRDA:91,15,1,0
BRDA:100,16,0,0
BRDA:100,16,1,0
BRDA:112,17,0,0
BRDA:112,17,1,0
BRDA:128,18,0,0
BRDA:128,18,1,0
BRDA:173,19,0,0
BRDA:173,19,1,0
BRDA:185,20,0,0
BRDA:185,20,1,0
BRDA:190,21,0,0
BRDA:190,21,1,0
BRDA:210,22,0,0
BRDA:210,22,1,0
BRDA:218,23,0,0
BRDA:218,23,1,0
BRF:46
BRH:0
end_of_record
TN:
SF:src/components/Announcements/index.ts
FNF:0
FNH:0
LF:0
LH:0
BRF:0
BRH:0
end_of_record
TN:
SF:src/components/Auth/LoginModal.tsx
FN:13,(anonymous_0)
FN:28,(anonymous_1)
FN:30,(anonymous_2)
FN:37,(anonymous_3)
FN:70,(anonymous_4)
FN:75,(anonymous_5)
FN:179,(anonymous_6)
FNF:7
FNH:0
FNDA:0,(anonymous_0)
FNDA:0,(anonymous_1)
FNDA:0,(anonymous_2)
FNDA:0,(anonymous_3)
FNDA:0,(anonymous_4)
FNDA:0,(anonymous_5)
FNDA:0,(anonymous_6)
DA:13,0
DA:14,0
DA:18,0
DA:19,0
DA:20,0
DA:23,0
DA:28,0
DA:29,0
DA:30,0
DA:34,0
DA:37,0
DA:38,0
DA:40,0
DA:41,0
DA:42,0
DA:45,0
DA:46,0
DA:48,0
DA:50,0
DA:51,0
DA:52,0
DA:53,0
DA:54,0
DA:58,0
DA:59,0
DA:60,0
DA:63,0
DA:64,0
DA:66,0
DA:70,0
DA:71,0
DA:72,0
DA:75,0
DA:76,0
DA:79,0
DA:81,0
DA:179,0
LF:37
LH:0
BRDA:40,0,0,0
BRDA:40,0,1,0
BRDA:40,1,0,0
BRDA:40,1,1,0
BRDA:50,2,0,0
BRDA:50,2,1,0
BRDA:52,3,0,0
BRDA:52,3,1,0
BRDA:64,4,0,0
BRDA:64,4,1,0
BRDA:79,5,0,0
BRDA:79,5,1,0
BRDA:168,6,0,0
BRDA:168,6,1,0
BRDA:181,7,0,0
BRDA:181,7,1,0
BRDA:191,8,0,0
BRDA:191,8,1,0
BRDA:203,9,0,0
BRDA:203,9,1,0
BRF:20
BRH:0
end_of_record
TN:
SF:src/components/Auth/LoginModalWrapper.tsx
FN:5,(anonymous_0)
FN:8,(anonymous_1)
FNF:2
FNH:0
FNDA:0,(anonymous_0)
FNDA:0,(anonymous_1)
DA:5,0
DA:6,0
DA:8,0
DA:9,0
DA:10,0
DA:14,0
LF:6
LH:0
BRF:0
BRH:0
end_of_record
TN:
SF:src/components/Auth/LoginRequired.tsx
FN:9,(anonymous_0)
FN:12,(anonymous_1)
FN:23,(anonymous_2)
FNF:3
FNH:0
FNDA:0,(anonymous_0)
FNDA:0,(anonymous_1)
FNDA:0,(anonymous_2)
DA:9,0
DA:10,0
DA:12,0
DA:13,0
DA:14,0
DA:18,0
DA:23,0
LF:7
LH:0
BRDA:9,0,0,0
BRF:1
BRH:0
end_of_record
TN:
SF:src/components/Auth/RoleGuard.tsx
FN:15,(anonymous_0)
FN:57,(anonymous_1)
FN:69,(anonymous_2)
FN:81,(anonymous_3)
FNF:4
FNH:0
FNDA:0,(anonymous_0)
FNDA:0,(anonymous_1)
FNDA:0,(anonymous_2)
FNDA:0,(anonymous_3)
DA:15,0
DA:23,0
DA:24,0
DA:25,0
DA:28,0
DA:30,0
DA:31,0
DA:33,0
DA:37,0
DA:39,0
DA:40,0
DA:42,0
DA:45,0
DA:47,0
DA:48,0
DA:50,0
DA:53,0
DA:57,0
DA:61,0
DA:69,0
DA:73,0
DA:81,0
DA:85,0
LF:23
LH:0
BRDA:20,0,0,0
BRDA:25,1,0,0
BRDA:25,1,1,0
BRDA:28,2,0,0
BRDA:28,2,1,0
BRDA:28,3,0,0
BRDA:28,3,1,0
BRDA:30,4,0,0
BRDA:30,4,1,0
BRDA:37,5,0,0
BRDA:37,5,1,0
BRDA:37,6,0,0
BRDA:37,6,1,0
BRDA:39,7,0,0
BRDA:39,7,1,0
BRDA:45,8,0,0
BRDA:45,8,1,0
BRDA:45,9,0,0
BRDA:45,9,1,0
BRDA:47,10,0,0
BRDA:47,10,1,0
BRDA:59,11,0,0
BRDA:71,12,0,0
BRDA:83,13,0,0
BRF:24
BRH:0
end_of_record
TN:
SF:src/components/Auth/RootAccountLinker.tsx
FN:11,(anonymous_0)
FN:23,(anonymous_1)
FN:46,(anonymous_2)
FN:140,(anonymous_3)
FN:143,(anonymous_4)
FN:175,(anonymous_5)
FN:202,(anonymous_6)
FN:214,(anonymous_7)
FN:227,(anonymous_8)
FN:234,(anonymous_9)
FN:247,(anonymous_10)
FN:257,(anonymous_11)
FNF:12
FNH:0
FNDA:0,(anonymous_0)
FNDA:0,(anonymous_1)
FNDA:0,(anonymous_2)
FNDA:0,(anonymous_3)
FNDA:0,(anonymous_4)
FNDA:0,(anonymous_5)
FNDA:0,(anonymous_6)
FNDA:0,(anonymous_7)
FNDA:0,(anonymous_8)
FNDA:0,(anonymous_9)
FNDA:0,(anonymous_10)
FNDA:0,(anonymous_11)
DA:11,0
DA:12,0
DA:13,0
DA:14,0
DA:15,0
DA:21,0
DA:23,0
DA:24,0
DA:25,0
DA:27,0
DA:28,0
DA:29,0
DA:30,0
DA:32,0
DA:35,0
DA:36,0
DA:37,0
DA:39,0
DA:42,0
DA:46,0
DA:47,0
DA:49,0
DA:50,0
DA:51,0
DA:54,0
DA:55,0
DA:56,0
DA:59,0
DA:60,0
DA:62,0
DA:63,0
DA:68,0
DA:70,0
DA:71,0
DA:73,0
DA:77,0
DA:115,0
DA:141,0
DA:143,0
DA:175,0
DA:202,0
DA:214,0
DA:227,0
DA:234,0
DA:247,0
DA:257,0
LF:46
LH:0
BRDA:29,0,0,0
BRDA:29,0,1,0
BRDA:36,1,0,0
BRDA:36,1,1,0
BRDA:49,2,0,0
BRDA:49,2,1,0
BRDA:54,3,0,0
BRDA:54,3,1,0
BRDA:128,4,0,0
BRDA:128,4,1,0
BRDA:138,5,0,0
BRDA:138,5,1,0
BRDA:152,6,0,0
BRDA:152,6,1,0
BRDA:158,7,0,0
BRDA:158,7,1,0
BRDA:189,8,0,0
BRDA:189,8,1,0
BRDA:225,9,0,0
BRDA:225,9,1,0
BRDA:237,10,0,0
BRDA:237,10,1,0
BRDA:267,11,0,0
BRDA:267,11,1,0
BRF:24
BRH:0
end_of_record
TN:
SF:src/components/Auth/RootAccountSetup.tsx
FN:9,(anonymous_0)
FN:22,(anonymous_1)
FN:24,(anonymous_2)
FN:31,(anonymous_3)
FN:55,(anonymous_4)
FN:75,(anonymous_5)
FN:161,(anonymous_6)
FN:195,(anonymous_7)
FNF:8
FNH:0
FNDA:0,(anonymous_0)
FNDA:0,(anonymous_1)
FNDA:0,(anonymous_2)
FNDA:0,(anonymous_3)
FNDA:0,(anonymous_4)
FNDA:0,(anonymous_5)
FNDA:0,(anonymous_6)
FNDA:0,(anonymous_7)
DA:9,0
DA:10,0
DA:16,0
DA:17,0
DA:18,0
DA:19,0
DA:20,0
DA:22,0
DA:23,0
DA:24,0
DA:28,0
DA:31,0
DA:32,0
DA:33,0
DA:34,0
DA:37,0
DA:38,0
DA:39,0
DA:42,0
DA:43,0
DA:44,0
DA:47,0
DA:48,0
DA:49,0
DA:52,0
DA:55,0
DA:56,0
DA:58,0
DA:59,0
DA:62,0
DA:63,0
DA:65,0
DA:66,0
DA:72,0
DA:75,0
DA:76,0
DA:80,0
DA:81,0
DA:83,0
DA:87,0
DA:161,0
DA:195,0
LF:42
LH:0
BRDA:32,0,0,0
BRDA:32,0,1,0
BRDA:32,1,0,0
BRDA:32,1,1,0
BRDA:32,1,2,0
BRDA:32,1,3,0
BRDA:37,2,0,0
BRDA:37,2,1,0
BRDA:42,3,0,0
BRDA:42,3,1,0
BRDA:47,4,0,0
BRDA:47,4,1,0
BRDA:58,5,0,0
BRDA:58,5,1,0
BRDA:81,6,0,0
BRDA:81,6,1,0
BRDA:152,7,0,0
BRDA:152,7,1,0
BRDA:164,8,0,0
BRDA:164,8,1,0
BRDA:186,9,0,0
BRDA:186,9,1,0
BRDA:198,10,0,0
BRDA:198,10,1,0
BRDA:208,11,0,0
BRDA:208,11,1,0
BRDA:215,12,0,0
BRDA:215,12,1,0
BRDA:227,13,0,0
BRDA:227,13,1,0
BRF:30
BRH:0
end_of_record
TN:
SF:src/components/Auth/SocialLogin.tsx
FN:18,(anonymous_0)
FN:36,(anonymous_1)
FN:53,(anonymous_2)
FN:141,(anonymous_3)
FN:144,(anonymous_4)
FN:208,(anonymous_5)
FN:243,(anonymous_6)
FN:259,(anonymous_7)
FN:274,(anonymous_8)
FN:289,(anonymous_9)
FN:304,(anonymous_10)
FNF:11
FNH:0
FNDA:0,(anonymous_0)
FNDA:0,(anonymous_1)
FNDA:0,(anonymous_2)
FNDA:0,(anonymous_3)
FNDA:0,(anonymous_4)
FNDA:0,(anonymous_5)
FNDA:0,(anonymous_6)
FNDA:0,(anonymous_7)
FNDA:0,(anonymous_8)
FNDA:0,(anonymous_9)
FNDA:0,(anonymous_10)
DA:18,0
DA:25,0
DA:26,0
DA:27,0
DA:28,0
DA:34,0
DA:36,0
DA:37,0
DA:38,0
DA:40,0
DA:41,0
DA:42,0
DA:44,0
DA:45,0
DA:46,0
DA:47,0
DA:49,0
DA:53,0
DA:54,0
DA:56,0
DA:57,0
DA:58,0
DA:61,0
DA:62,0
DA:63,0
DA:66,0
DA:67,0
DA:69,0
DA:71,0
DA:77,0
DA:78,0
DA:80,0
DA:81,0
DA:82,0
DA:84,0
DA:88,0
DA:126,0
DA:142,0
DA:144,0
DA:208,0
DA:243,0
DA:259,0
DA:274,0
DA:289,0
DA:304,0
LF:45
LH:0
BRDA:21,0,0,0
BRDA:22,1,0,0
BRDA:23,2,0,0
BRDA:45,3,0,0
BRDA:45,3,1,0
BRDA:56,4,0,0
BRDA:56,4,1,0
BRDA:61,5,0,0
BRDA:61,5,1,0
BRDA:81,6,0,0
BRDA:81,6,1,0
BRDA:82,7,0,0
BRDA:82,7,1,0
BRDA:94,8,0,0
BRDA:94,8,1,0
BRDA:101,9,0,0
BRDA:101,9,1,0
BRDA:108,10,0,0
BRDA:108,10,1,0
BRDA:115,11,0,0
BRDA:115,11,1,0
BRDA:122,12,0,0
BRDA:122,12,1,0
BRDA:130,13,0,0
BRDA:130,13,1,0
BRDA:153,14,0,0
BRDA:153,14,1,0
BRDA:157,15,0,0
BRDA:157,15,1,0
BRDA:162,16,0,0
BRDA:162,16,1,0
BRDA:170,17,0,0
BRDA:170,17,1,0
BRDA:175,18,0,0
BRDA:175,18,1,0
BRDA:180,19,0,0
BRDA:180,19,1,0
BRDA:188,20,0,0
BRDA:188,20,1,0
BRDA:195,21,0,0
BRDA:195,21,1,0
BRDA:237,22,0,0
BRDA:237,22,1,0
BRDA:316,23,0,0
BRDA:316,23,1,0
BRF:45
BRH:0
end_of_record
TN:
SF:src/components/BackToTop/BackToTop.tsx
FN:9,(anonymous_0)
FN:15,(anonymous_1)
FN:16,(anonymous_2)
FN:29,(anonymous_3)
FN:34,(anonymous_4)
FNF:5
FNH:0
FNDA:0,(anonymous_0)
FNDA:0,(anonymous_1)
FNDA:0,(anonymous_2)
FNDA:0,(anonymous_3)
FNDA:0,(anonymous_4)
DA:9,0
DA:13,0
DA:15,0
DA:16,0
DA:18,0
DA:19,0
DA:21,0
DA:26,0
DA:29,0
DA:30,0
DA:34,0
DA:35,0
DA:41,0
DA:42,0
DA:45,0
LF:15
LH:0
BRDA:10,0,0,0
BRDA:11,1,0,0
BRDA:18,2,0,0
BRDA:18,2,1,0
BRDA:41,3,0,0
BRDA:41,3,1,0
BRF:6
BRH:0
end_of_record
TN:
SF:src/components/DataAudit/DataAuditComponent.tsx
FN:25,(anonymous_0)
FN:34,(anonymous_1)
FN:35,(anonymous_2)
FN:42,(anonymous_3)
FN:43,(anonymous_4)
FN:68,(anonymous_5)
FN:91,(anonymous_6)
FN:114,(anonymous_7)
FN:128,(anonymous_8)
FN:222,(anonymous_9)
FN:233,(anonymous_10)
FN:244,(anonymous_11)
FN:289,(anonymous_12)
FN:317,(anonymous_13)
FN:339,(anonymous_14)
FN:354,(anonymous_15)
FNF:16
FNH:0
FNDA:0,(anonymous_0)
FNDA:0,(anonymous_1)
FNDA:0,(anonymous_2)
FNDA:0,(anonymous_3)
FNDA:0,(anonymous_4)
FNDA:0,(anonymous_5)
FNDA:0,(anonymous_6)
FNDA:0,(anonymous_7)
FNDA:0,(anonymous_8)
FNDA:0,(anonymous_9)
FNDA:0,(anonymous_10)
FNDA:0,(anonymous_11)
FNDA:0,(anonymous_12)
FNDA:0,(anonymous_13)
FNDA:0,(anonymous_14)
FNDA:0,(anonymous_15)
DA:25,0
DA:26,0
DA:27,0
DA:28,0
DA:29,0
DA:30,0
DA:31,0
DA:34,0
DA:35,0
DA:36,0
DA:38,0
DA:42,0
DA:43,0
DA:44,0
DA:45,0
DA:46,0
DA:48,0
DA:50,0
DA:51,0
DA:54,0
DA:55,0
DA:58,0
DA:59,0
DA:61,0
DA:65,0
DA:68,0
DA:69,0
DA:70,0
DA:71,0
DA:74,0
DA:75,0
DA:76,0
DA:77,0
DA:78,0
DA:79,0
DA:80,0
DA:81,0
DA:82,0
DA:84,0
DA:85,0
DA:87,0
DA:91,0
DA:92,0
DA:93,0
DA:94,0
DA:97,0
DA:98,0
DA:99,0
DA:100,0
DA:101,0
DA:102,0
DA:103,0
DA:104,0
DA:105,0
DA:107,0
DA:108,0
DA:110,0
DA:114,0
DA:115,0
DA:116,0
DA:117,0
DA:118,0
DA:119,0
DA:120,0
DA:121,0
DA:122,0
DA:123,0
DA:124,0
DA:128,0
DA:129,0
DA:130,0
DA:131,0
DA:132,0
DA:133,0
DA:134,0
DA:135,0
DA:136,0
DA:137,0
DA:138,0
DA:142,0
DA:143,0
DA:153,0
DA:154,0
DA:167,0
DA:222,0
DA:233,0
DA:244,0
DA:290,0
DA:318,0
DA:340,0
DA:355,0
LF:91
LH:0
BRDA:25,0,0,0
BRDA:48,1,0,0
BRDA:48,1,1,0
BRDA:59,2,0,0
BRDA:59,2,1,0
BRDA:85,3,0,0
BRDA:85,3,1,0
BRDA:108,4,0,0
BRDA:108,4,1,0
BRDA:115,5,0,0
BRDA:115,5,1,0
BRDA:115,5,2,0
BRDA:115,5,3,0
BRDA:115,5,4,0
BRDA:115,5,5,0
BRDA:115,5,6,0
BRDA:115,5,7,0
BRDA:115,5,8,0
BRDA:129,6,0,0
BRDA:129,6,1,0
BRDA:129,6,2,0
BRDA:129,6,3,0
BRDA:129,6,4,0
BRDA:129,6,5,0
BRDA:129,6,6,0
BRDA:129,6,7,0
BRDA:129,6,8,0
BRDA:142,7,0,0
BRDA:142,7,1,0
BRDA:142,8,0,0
BRDA:142,8,1,0
BRDA:142,8,2,0
BRDA:153,9,0,0
BRDA:153,9,1,0
BRDA:176,10,0,0
BRDA:176,10,1,0
BRDA:179,11,0,0
BRDA:179,11,1,0
BRDA:187,12,0,0
[...]
DA:129,0
DA:130,0
DA:132,0
DA:133,0
DA:141,0
DA:142,0
DA:149,0
DA:150,0
DA:152,0
DA:153,0
DA:161,0
DA:163,0
DA:166,0
DA:167,0
DA:171,0
DA:174,0
DA:175,0
DA:176,0
DA:177,0
DA:181,0
DA:183,0
DA:184,0
DA:192,0
DA:193,0
DA:195,0
DA:202,0
DA:210,0
DA:211,0
DA:213,0
DA:221,0
DA:229,0
DA:231,0
DA:237,0
DA:238,0
DA:241,0
DA:243,0
DA:244,0
DA:248,0
DA:250,0
DA:251,0
DA:252,0
DA:253,0
DA:256,0
DA:262,0
DA:263,0
DA:273,0
DA:275,0
DA:276,0
DA:284,0
DA:285,0
DA:286,0
DA:288,0
DA:289,0
DA:291,0
DA:293,0
DA:294,0
DA:299,0
LF:82
LH:0
BRDA:59,0,0,0
BRDA:59,0,1,0
BRDA:66,1,0,0
BRDA:66,1,1,0
BRDA:71,2,0,0
BRDA:71,2,1,0
BRDA:90,3,0,0
BRDA:90,3,1,0
BRDA:120,4,0,0
BRDA:140,5,0,0
BRDA:166,6,0,0
BRDA:166,6,1,0
BRDA:176,7,0,0
BRDA:176,7,1,0
BRDA:228,8,0,0
BRDA:259,9,0,0
BRDA:259,9,1,0
BRDA:288,10,0,0
BRDA:288,10,1,0
BRF:19
BRH:0
end_of_record
TN:
SF:src/services/userAnnouncementService.ts
FN:31,(anonymous_0)
FN:41,(anonymous_1)
FN:51,(anonymous_2)
FN:57,(anonymous_3)
FN:68,(anonymous_4)
FN:73,(anonymous_5)
FN:94,(anonymous_6)
FN:122,(anonymous_7)
FN:154,(anonymous_8)
FN:172,(anonymous_9)
FN:185,(anonymous_10)
FN:193,(anonymous_11)
FN:199,(anonymous_12)
FN:205,(anonymous_13)
FNF:14
FNH:0
FNDA:0,(anonymous_0)
FNDA:0,(anonymous_1)
FNDA:0,(anonymous_2)
FNDA:0,(anonymous_3)
FNDA:0,(anonymous_4)
FNDA:0,(anonymous_5)
FNDA:0,(anonymous_6)
FNDA:0,(anonymous_7)
FNDA:0,(anonymous_8)
FNDA:0,(anonymous_9)
FNDA:0,(anonymous_10)
FNDA:0,(anonymous_11)
FNDA:0,(anonymous_12)
FNDA:0,(anonymous_13)
DA:27,0
DA:28,0
DA:32,0
DA:33,0
DA:34,0
DA:35,0
DA:37,0
DA:42,0
DA:43,0
DA:44,0
DA:46,0
DA:52,0
DA:53,0
DA:54,0
DA:58,0
DA:59,0
DA:60,0
DA:61,0
DA:62,0
DA:63,0
DA:65,0
DA:69,0
DA:74,0
DA:75,0
DA:77,0
DA:78,0
DA:85,0
DA:86,0
DA:88,0
DA:89,0
DA:95,0
DA:96,0
DA:99,0
DA:100,0
DA:101,0
DA:102,0
DA:106,0
DA:107,0
DA:114,0
DA:116,0
DA:117,0
DA:123,0
DA:124,0
DA:127,0
DA:128,0
DA:135,0
DA:137,0
DA:138,0
DA:139,0
DA:143,0
DA:144,0
DA:146,0
DA:148,0
DA:149,0
DA:155,0
DA:156,0
DA:158,0
DA:159,0
DA:160,0
DA:162,0
DA:163,0
DA:166,0
DA:167,0
DA:173,0
DA:174,0
DA:176,0
DA:177,0
DA:184,0
DA:185,0
DA:187,0
DA:188,0
DA:194,0
DA:196,0
DA:197,0
DA:198,0
DA:199,0
DA:202,0
DA:205,0
DA:210,0
DA:211,0
DA:216,0
LF:81
LH:0
BRDA:33,0,0,0
BRDA:33,0,1,0
BRDA:43,1,0,0
BRDA:43,1,1,0
BRDA:63,2,0,0
BRDA:63,2,1,0
BRDA:100,3,0,0
BRDA:100,3,1,0
BRDA:137,4,0,0
BRDA:137,4,1,0
BRDA:158,5,0,0
BRDA:158,5,1,0
BRF:12
BRH:0
end_of_record
TN:
SF:src/services/userApiService.ts
FN:45,(anonymous_0)
FN:52,(anonymous_1)
FN:63,(anonymous_2)
FN:74,(anonymous_3)
FN:121,(anonymous_4)
FN:157,(anonymous_5)
FN:210,(anonymous_6)
FN:230,(anonymous_7)
FN:240,(anonymous_8)
FN:255,(anonymous_9)
FN:262,(anonymous_10)
FN:269,(anonymous_11)
FN:276,(anonymous_12)
FN:283,(anonymous_13)
FNF:14
FNH:0
FNDA:0,(anonymous_0)
FNDA:0,(anonymous_1)
FNDA:0,(anonymous_2)
FNDA:0,(anonymous_3)
FNDA:0,(anonymous_4)
FNDA:0,(anonymous_5)
FNDA:0,(anonymous_6)
FNDA:0,(anonymous_7)
FNDA:0,(anonymous_8)
FNDA:0,(anonymous_9)
FNDA:0,(anonymous_10)
FNDA:0,(anonymous_11)
FNDA:0,(anonymous_12)
FNDA:0,(anonymous_13)
DA:42,0
DA:43,0
DA:53,0
DA:54,0
DA:55,0
DA:57,0
DA:64,0
DA:65,0
DA:66,0
DA:68,0
DA:75,0
DA:76,0
DA:77,0
DA:80,0
DA:81,0
DA:85,0
DA:86,0
DA:89,0
DA:91,0
DA:92,0
DA:93,0
DA:96,0
DA:98,0
DA:107,0
DA:113,0
DA:114,0
DA:122,0
DA:123,0
DA:124,0
DA:127,0
DA:128,0
DA:132,0
DA:133,0
DA:136,0
DA:139,0
DA:141,0
DA:149,0
DA:150,0
DA:158,0
DA:159,0
DA:160,0
DA:163,0
DA:166,0
DA:168,0
DA:171,0
DA:174,0
DA:176,0
DA:177,0
DA:180,0
DA:183,0
DA:185,0
DA:186,0
DA:188,0
DA:200,0
DA:202,0
DA:203,0
DA:211,0
DA:212,0
DA:213,0
DA:216,0
DA:217,0
DA:221,0
DA:222,0
DA:225,0
DA:228,0
DA:230,0
DA:232,0
DA:233,0
DA:241,0
DA:242,0
DA:245,0
DA:246,0
DA:249,0
DA:256,0
DA:263,0
DA:270,0
DA:277,0
DA:284,0
DA:293,0
LF:79
LH:0
BRDA:53,0,0,0
BRDA:53,0,1,0
BRDA:55,1,0,0
BRDA:55,1,1,0
BRDA:57,2,0,0
BRDA:57,2,1,0
BRDA:64,3,0,0
BRDA:64,3,1,0
BRDA:66,4,0,0
BRDA:66,4,1,0
BRDA:68,5,0,0
BRDA:68,5,1,0
BRDA:76,6,0,0
BRDA:76,6,1,0
BRDA:76,7,0,0
BRDA:76,7,1,0
BRDA:85,8,0,0
BRDA:85,8,1,0
BRDA:91,9,0,0
BRDA:91,9,1,0
BRDA:91,10,0,0
BRDA:91,10,1,0
BRDA:123,11,0,0
BRDA:123,11,1,0
BRDA:123,12,0,0
BRDA:123,12,1,0
BRDA:132,13,0,0
BRDA:132,13,1,0
BRDA:159,14,0,0
BRDA:159,14,1,0
BRDA:159,15,0,0
BRDA:159,15,1,0
BRDA:166,16,0,0
BRDA:166,16,1,0
BRDA:176,17,0,0
BRDA:176,17,1,0
BRDA:185,18,0,0
BRDA:185,18,1,0
BRDA:185,19,0,0
BRDA:185,19,1,0
BRDA:212,20,0,0
BRDA:212,20,1,0
BRDA:221,21,0,0
BRDA:221,21,1,0
BRDA:230,22,0,0
BRDA:230,22,1,0
BRDA:242,23,0,0
BRDA:242,23,1,0
BRDA:245,24,0,0
BRDA:245,24,1,0
BRF:50
BRH:0
end_of_record
TN:
SF:src/services/vertexAIService.ts
FN:51,(anonymous_0)
FN:62,(anonymous_1)
FN:94,(anonymous_2)
FN:109,(anonymous_3)
FN:135,(anonymous_4)
FN:166,(anonymous_5)
FN:194,(anonymous_6)
FN:219,(anonymous_7)
FN:220,(anonymous_8)
FN:221,(anonymous_9)
FN:228,(anonymous_10)
FN:256,(anonymous_11)
FN:284,(anonymous_12)
FN:402,(anonymous_13)
FN:417,(anonymous_14)
FNF:15
FNH:2
FNDA:1,(anonymous_0)
FNDA:1,(anonymous_1)
FNDA:0,(anonymous_2)
FNDA:0,(anonymous_3)
FNDA:0,(anonymous_4)
FNDA:0,(anonymous_5)
FNDA:0,(anonymous_6)
FNDA:0,(anonymous_7)
FNDA:0,(anonymous_8)
FNDA:0,(anonymous_9)
FNDA:0,(anonymous_10)
FNDA:0,(anonymous_11)
FNDA:0,(anonymous_12)
FNDA:0,(anonymous_13)
FNDA:0,(anonymous_14)
DA:47,1
DA:52,1
DA:63,1
DA:65,1
DA:67,1
DA:68,0
DA:72,1
DA:75,1
DA:76,1
DA:77,0
DA:80,1
DA:81,1
DA:83,1
DA:84,1
DA:86,0
DA:87,0
DA:98,0
DA:99,0
DA:102,0
DA:103,0
DA:105,0
DA:106,0
DA:109,0
DA:110,0
DA:113,0
DA:114,0
DA:115,0
DA:117,0
DA:127,0
DA:128,0
DA:136,0
DA:156,0
DA:160,0
DA:167,0
DA:184,0
DA:188,0
DA:195,0
DA:212,0
DA:217,0
DA:219,0
DA:220,0
DA:221,0
DA:229,0
DA:246,0
DA:250,0
DA:257,0
DA:274,0
DA:278,0
DA:285,0
DA:287,0
DA:350,0
DA:354,0
DA:356,0
DA:357,0
DA:358,0
DA:360,0
DA:363,0
DA:365,0
DA:403,0
DA:404,0
DA:407,0
DA:409,0
DA:410,0
DA:418,0
DA:426,1
LF:65
LH:13
BRDA:63,0,0,0
BRDA:63,0,1,1
BRDA:67,1,0,0
BRDA:67,1,1,1
BRDA:76,2,0,0
BRDA:76,2,1,1
BRDA:98,3,0,0
BRDA:98,3,1,0
BRDA:105,4,0,0
BRDA:105,4,1,0
BRDA:141,5,0,0
BRDA:141,5,1,0
BRDA:142,6,0,0
BRDA:142,6,1,0
BRDA:143,7,0,0
BRDA:143,7,1,0
BRDA:144,8,0,0
BRDA:144,8,1,0
BRDA:173,9,0,0
BRDA:173,9,1,0
BRDA:200,10,0,0
BRDA:200,10,1,0
BRDA:201,11,0,0
BRDA:201,11,1,0
BRDA:220,12,0,0
BRDA:220,12,1,0
BRDA:232,13,0,0
BRDA:232,13,1,0
BRDA:234,14,0,0
BRDA:234,14,1,0
BRDA:235,15,0,0
BRDA:235,15,1,0
BRDA:262,16,0,0
BRDA:262,16,1,0
BRDA:263,17,0,0
BRDA:263,17,1,0
BRDA:357,18,0,0
BRDA:357,18,1,0
BRF:38
BRH:3
end_of_record
TN:
SF:src/services/volunteerService.ts
FN:74,(anonymous_0)
FN:99,(anonymous_1)
FN:112,(anonymous_2)
FN:123,(anonymous_3)
FN:136,(anonymous_4)
FN:156,(anonymous_5)
FN:169,(anonymous_6)
FN:180,(anonymous_7)
FN:193,(anonymous_8)
FN:209,(anonymous_9)
FN:222,(anonymous_10)
FN:257,(anonymous_11)
FN:316,(anonymous_12)
FN:360,(anonymous_13)
FN:375,(anonymous_14)
FN:396,(anonymous_15)
FN:411,(anonymous_16)
FN:423,(anonymous_17)
FN:431,(anonymous_18)
FN:432,(anonymous_19)
FN:443,(anonymous_20)
FN:447,(anonymous_21)
FN:448,(anonymous_22)
FN:459,(anonymous_23)
FN:468,(anonymous_24)
FN:469,(anonymous_25)
FNF:26
FNH:0
FNDA:0,(anonymous_0)
FNDA:0,(anonymous_1)
FNDA:0,(anonymous_2)
FNDA:0,(anonymous_3)
FNDA:0,(anonymous_4)
FNDA:0,(anonymous_5)
FNDA:0,(anonymous_6)
FNDA:0,(anonymous_7)
FNDA:0,(anonymous_8)
FNDA:0,(anonymous_9)
FNDA:0,(anonymous_10)
FNDA:0,(anonymous_11)
FNDA:0,(anonymous_12)
FNDA:0,(anonymous_13)
FNDA:0,(anonymous_14)
FNDA:0,(anonymous_15)
FNDA:0,(anonymous_16)
FNDA:0,(anonymous_17)
FNDA:0,(anonymous_18)
FNDA:0,(anonymous_19)
FNDA:0,(anonymous_20)
FNDA:0,(anonymous_21)
FNDA:0,(anonymous_22)
FNDA:0,(anonymous_23)
FNDA:0,(anonymous_24)
FNDA:0,(anonymous_25)
DA:68,0
DA:69,0
DA:75,0
DA:77,0
DA:78,0
DA:79,0
DA:80,0
DA:84,0
DA:85,0
DA:86,0
DA:87,0
DA:90,0
DA:91,0
DA:98,0
DA:99,0
DA:104,0
DA:105,0
DA:113,0
DA:114,0
DA:115,0
DA:122,0
DA:123,0
DA:128,0
DA:129,0
DA:137,0
DA:139,0
DA:140,0
DA:141,0
DA:142,0
DA:146,0
DA:147,0
DA:148,0
DA:149,0
DA:152,0
DA:153,0
DA:155,0
DA:156,0
DA:161,0
DA:162,0
DA:170,0
DA:171,0
DA:172,0
DA:179,0
DA:180,0
DA:185,0
DA:186,0
DA:194,0
DA:195,0
DA:196,0
DA:197,0
DA:200,0
DA:201,0
DA:208,0
DA:209,0
DA:214,0
DA:215,0
DA:223,0
DA:224,0
DA:225,0
DA:226,0
DA:229,0
DA:230,0
DA:238,0
DA:239,0
DA:240,0
DA:243,0
DA:244,0
DA:249,0
DA:250,0
DA:258,0
DA:259,0
DA:262,0
DA:263,0
DA:264,0
DA:267,0
DA:270,0
DA:271,0
DA:272,0
DA:276,0
DA:277,0
DA:281,0
DA:282,0
DA:298,0
DA:301,0
DA:306,0
DA:308,0
DA:309,0
DA:317,0
DA:318,0
DA:321,0
DA:322,0
DA:323,0
DA:326,0
DA:329,0
DA:330,0
DA:331,0
DA:332,0
DA:337,0
DA:343,0
DA:344,0
DA:345,0
DA:346,0
DA:352,0
DA:353,0
DA:361,0
DA:362,0
DA:367,0
DA:368,0
DA:376,0
DA:377,0
DA:378,0
DA:385,0
DA:386,0
DA:388,0
DA:389,0
DA:397,0
DA:398,0
DA:403,0
DA:404,0
DA:412,0
DA:413,0
DA:415,0
DA:416,0
DA:424,0
DA:425,0
DA:431,0
DA:432,0
DA:436,0
DA:444,0
DA:445,0
DA:447,0
DA:448,0
DA:452,0
DA:460,0
DA:461,0
DA:468,0
DA:469,0
DA:473,0
DA:478,0
LF:139
LH:0
BRDA:78,0,0,0
BRDA:78,0,1,0
BRDA:85,1,0,0
BRDA:85,1,1,0
BRDA:140,2,0,0
BRDA:140,2,1,0
BRDA:147,3,0,0
BRDA:147,3,1,0
BRDA:195,4,0,0
BRDA:195,4,1,0
BRDA:196,5,0,0
BRDA:196,5,1,0
BRDA:224,6,0,0
BRDA:224,6,1,0
BRDA:225,7,0,0
BRDA:225,7,1,0
BRDA:239,8,0,0
BRDA:239,8,1,0
BRDA:263,9,0,0
BRDA:263,9,1,0
BRDA:271,10,0,0
BRDA:271,10,1,0
BRDA:276,11,0,0
BRDA:276,11,1,0
BRDA:290,12,0,0
BRDA:290,12,1,0
BRDA:322,13,0,0
BRDA:322,13,1,0
BRDA:329,14,0,0
BRDA:329,14,1,0
BRDA:329,15,0,0
BRDA:329,15,1,0
BRDA:331,16,0,0
BRDA:331,16,1,0
BRDA:331,17,0,0
BRDA:331,17,1,0
BRDA:344,18,0,0
BRDA:344,18,1,0
BRF:38
BRH:0
end_of_record
TN:
SF:src/test/setup.ts
FN:5,(anonymous_0)
FN:6,(anonymous_1)
FN:7,(anonymous_2)
FN:8,(anonymous_3)
FN:11,(anonymous_4)
FN:12,(anonymous_5)
FN:13,(anonymous_6)
FN:14,(anonymous_7)
FN:15,(anonymous_8)
FN:16,(anonymous_9)
FN:16,(anonymous_10)
FN:17,(anonymous_11)
FN:18,(anonymous_12)
FN:19,(anonymous_13)
FN:20,(anonymous_14)
FN:21,(anonymous_15)
FN:22,(anonymous_16)
FN:23,(anonymous_17)
FN:25,(anonymous_18)
FN:25,(anonymous_19)
FN:26,(anonymous_20)
FN:26,(anonymous_21)
FN:30,(anonymous_22)
FN:31,(anonymous_23)
FN:32,(anonymous_24)
FN:32,(anonymous_25)
FN:35,(anonymous_26)
FN:36,(anonymous_27)
FN:37,(anonymous_28)
FN:38,(anonymous_29)
FN:39,(anonymous_30)
FN:42,(anonymous_31)
FN:43,(anonymous_32)
FN:45,(anonymous_33)
FN:46,(anonymous_34)
FN:47,(anonymous_35)
FN:48,(anonymous_36)
FN:49,(anonymous_37)
FN:50,(anonymous_38)
FN:52,(anonymous_39)
FN:53,(anonymous_40)
FN:54,(anonymous_41)
FN:55,(anonymous_42)
FN:56,(anonymous_43)
FN:57,(anonymous_44)
FN:62,(anonymous_45)
FN:63,(anonymous_46)
FN:64,(anonymous_47)
FN:69,(anonymous_48)
FN:70,(anonymous_49)
FN:71,(anonymous_50)
FN:73,(anonymous_51)
FN:77,(anonymous_52)
FN:94,(anonymous_53)
FN:107,(anonymous_54)
FN:114,(anonymous_55)
FN:123,(anonymous_56)
FN:131,(anonymous_57)
FN:132,(anonymous_58)
FN:137,(anonymous_59)
FN:149,(anonymous_60)
FN:150,(anonymous_61)
FN:151,(anonymous_62)
FN:152,(anonymous_63)
FN:153,(anonymous_64)
FN:154,(anonymous_65)
FN:155,(anonymous_66)
FN:157,(anonymous_67)
FN:158,(anonymous_68)
FN:159,(anonymous_69)
FN:160,(anonymous_70)
FN:161,(anonymous_71)
FN:162,(anonymous_72)
FN:163,(anonymous_73)
FN:164,(anonymous_74)
FN:165,(anonymous_75)
FN:166,(anonymous_76)
FN:169,(anonymous_77)
FN:170,(anonymous_78)
FN:171,(anonymous_79)
FN:172,(anonymous_80)
FN:173,(anonymous_81)
FN:174,(anonymous_82)
FN:175,(anonymous_83)
FN:176,(anonymous_84)
FN:177,(anonymous_85)
FN:178,(anonymous_86)
FN:183,(anonymous_87)
FN:185,(anonymous_88)
FN:186,(anonymous_89)
FN:187,(anonymous_90)
FN:188,(anonymous_91)
FN:189,(anonymous_92)
FN:190,(anonymous_93)
FN:191,(anonymous_94)
FN:192,(anonymous_95)
FN:193,(anonymous_96)
FN:194,(anonymous_97)
FN:195,(anonymous_98)
FN:212,(anonymous_99)
FN:214,(anonymous_100)
FN:215,(anonymous_101)
FN:216,(anonymous_102)
FN:217,(anonymous_103)
FN:222,(anonymous_104)
FN:224,(anonymous_105)
FN:225,(anonymous_106)
FN:226,(anonymous_107)
FN:227,(anonymous_108)
FN:228,(anonymous_109)
FN:229,(anonymous_110)
FN:230,(anonymous_111)
FN:231,(anonymous_112)
FN:263,(anonymous_113)
FN:268,(anonymous_114)
FN:270,(anonymous_115)
FNF:116
FNH:0
FNDA:0,(anonymous_0)
FNDA:0,(anonymous_1)
FNDA:0,(anonymous_2)
FNDA:0,(anonymous_3)
FNDA:0,(anonymous_4)
FNDA:0,(anonymous_5)
FNDA:0,(anonymous_6)
FNDA:0,(anonymous_7)
FNDA:0,(anonymous_8)
FNDA:0,(anonymous_9)
FNDA:0,(anonymous_10)
FNDA:0,(anonymous_11)
FNDA:0,(anonymous_12)
FNDA:0,(anonymous_13)
FNDA:0,(anonymous_14)
FNDA:0,(anonymous_15)
FNDA:0,(anonymous_16)
FNDA:0,(anonymous_17)
FNDA:0,(anonymous_18)
FNDA:0,(anonymous_19)
FNDA:0,(anonymous_20)
FNDA:0,(anonymous_21)
FNDA:0,(anonymous_22)
FNDA:0,(anonymous_23)
FNDA:0,(anonymous_24)
FNDA:0,(anonymous_25)
FNDA:0,(anonymous_26)
FNDA:0,(anonymous_27)
FNDA:0,(anonymous_28)
FNDA:0,(anonymous_29)
FNDA:0,(anonymous_30)
FNDA:0,(anonymous_31)
FNDA:0,(anonymous_32)
FNDA:0,(anonymous_33)
FNDA:0,(anonymous_34)
FNDA:0,(anonymous_35)
FNDA:0,(anonymous_36)
FNDA:0,(anonymous_37)
FNDA:0,(anonymous_38)
FNDA:0,(anonymous_39)
FNDA:0,(anonymous_40)
FNDA:0,(anonymous_41)
FNDA:0,(anonymous_42)
FNDA:0,(anonymous_43)
FNDA:0,(anonymous_44)
FNDA:0,(anonymous_45)
FNDA:0,(anonymous_46)
FNDA:0,(anonymous_47)
FNDA:0,(anonymous_48)
FNDA:0,(anonymous_49)
FNDA:0,(anonymous_50)
FNDA:0,(anonymous_51)
FNDA:0,(anonymous_52)
FNDA:0,(anonymous_53)
FNDA:0,(anonymous_54)
FNDA:0,(anonymous_55)
FNDA:0,(anonymous_56)
FNDA:0,(anonymous_57)
FNDA:0,(anonymous_58)
FNDA:0,(anonymous_59)
FNDA:0,(anonymous_60)
FNDA:0,(anonymous_61)
FNDA:0,(anonymous_62)
FNDA:0,(anonymous_63)
FNDA:0,(anonymous_64)
FNDA:0,(anonymous_65)
FNDA:0,(anonymous_66)
FNDA:0,(anonymous_67)
FNDA:0,(anonymous_68)
FNDA:0,(anonymous_69)
FNDA:0,(anonymous_70)
FNDA:0,(anonymous_71)
FNDA:0,(anonymous_72)
FNDA:0,(anonymous_73)
FNDA:0,(anonymous_74)
FNDA:0,(anonymous_75)
FNDA:0,(anonymous_76)
FNDA:0,(anonymous_77)
FNDA:0,(anonymous_78)
FNDA:0,(anonymous_79)
FNDA:0,(anonymous_80)
FNDA:0,(anonymous_81)
FNDA:0,(anonymous_82)
FNDA:0,(anonymous_83)
FNDA:0,(anonymous_84)
FNDA:0,(anonymous_85)
FNDA:0,(anonymous_86)
FNDA:0,(anonymous_87)
FNDA:0,(anonymous_88)
FNDA:0,(anonymous_89)
FNDA:0,(anonymous_90)
FNDA:0,(anonymous_91)
FNDA:0,(anonymous_92)
FNDA:0,(anonymous_93)
FNDA:0,(anonymous_94)
FNDA:0,(anonymous_95)
FNDA:0,(anonymous_96)
FNDA:0,(anonymous_97)
FNDA:0,(anonymous_98)
FNDA:0,(anonymous_99)
FNDA:0,(anonymous_100)
FNDA:0,(anonymous_101)
FNDA:0,(anonymous_102)
FNDA:0,(anonymous_103)
FNDA:0,(anonymous_104)
FNDA:0,(anonymous_105)
FNDA:0,(anonymous_106)
FNDA:0,(anonymous_107)
FNDA:0,(anonymous_108)
FNDA:0,(anonymous_109)
FNDA:0,(anonymous_110)
FNDA:0,(anonymous_111)
FNDA:0,(anonymous_112)
FNDA:0,(anonymous_113)
FNDA:0,(anonymous_114)
FNDA:0,(anonymous_115)
DA:5,0
DA:6,0
DA:7,0
DA:8,0
DA:11,0
DA:12,0
DA:13,0
DA:14,0
DA:15,0
DA:16,0
DA:17,0
DA:18,0
DA:19,0
DA:20,0
DA:21,0
DA:22,0
DA:23,0
DA:25,0
DA:26,0
DA:30,0
DA:31,0
DA:32,0
DA:35,0
DA:36,0
DA:37,0
DA:38,0
DA:39,0
DA:42,0
DA:43,0
DA:45,0
DA:46,0
DA:47,0
DA:48,0
DA:49,0
DA:50,0
DA:52,0
DA:53,0
DA:54,0
DA:55,0
DA:56,0
DA:57,0
DA:62,0
DA:63,0
DA:64,0
DA:68,0
DA:69,0
DA:70,0
DA:71,0
DA:73,0
DA:74,0
DA:75,0
DA:77,0
DA:92,0
DA:94,0
DA:107,0
DA:114,0
DA:121,0
DA:123,0
DA:127,0
DA:131,0
DA:132,0
DA:137,0
DA:138,0
DA:141,0
DA:149,0
DA:150,0
DA:151,0
DA:152,0
DA:153,0
DA:154,0
DA:155,0
DA:157,0
DA:158,0
DA:159,0
DA:160,0
DA:161,0
DA:162,0
DA:163,0
DA:164,0
DA:165,0
DA:166,0
DA:169,0
DA:170,0
DA:171,0
DA:172,0
DA:173,0
DA:174,0
DA:175,0
DA:176,0
DA:177,0
DA:178,0
DA:183,0
DA:185,0
DA:186,0
DA:187,0
DA:188,0
DA:189,0
DA:190,0
DA:191,0
DA:192,0
DA:193,0
DA:194,0
DA:195,0
DA:212,0
DA:214,0
DA:215,0
DA:216,0
DA:217,0
DA:222,0
DA:224,0
DA:225,0
DA:226,0
DA:227,0
DA:228,0
DA:229,0
DA:230,0
DA:231,0
DA:263,0
DA:268,0
DA:270,0
LF:120
LH:0
BRF:0
BRH:0
end_of_record
TN:
SF:src/types/admin.ts
FNF:0
FNH:0
LF:0
LH:0
BRF:0
BRH:0
end_of_record
TN:
SF:src/types/firestore.ts
FNF:0
FNH:0
LF:0
LH:0
BRF:0
BRH:0
end_of_record
TN:
SF:src/types/index.ts
FNF:0
FNH:0
LF:0
LH:0
BRF:0
BRH:0
end_of_record
TN:
SF:src/types/multiTenant.ts
FNF:0
FNH:0
LF:0
LH:0
BRF:0
BRH:0
end_of_record
TN:
SF:src/types/reminder.ts
FNF:0
FNH:0
LF:0
LH:0
BRF:0
BRH:0
end_of_record
TN:
SF:src/types/validation.ts
FN:11,(anonymous_0)
FN:12,(anonymous_1)
FN:17,(anonymous_2)
FN:23,(anonymous_3)
FN:29,(anonymous_4)
FN:34,(anonymous_5)
FN:64,(anonymous_6)
FN:65,(anonymous_7)
FN:66,(anonymous_8)
FN:67,(anonymous_9)
FN:73,(anonymous_10)
FN:74,(anonymous_11)
FN:75,(anonymous_12)
FN:76,(anonymous_13)
FN:77,(anonymous_14)
FN:109,(anonymous_15)
FNF:16
FNH:0
FNDA:0,(anonymous_0)
FNDA:0,(anonymous_1)
FNDA:0,(anonymous_2)
FNDA:0,(anonymous_3)
FNDA:0,(anonymous_4)
FNDA:0,(anonymous_5)
FNDA:0,(anonymous_6)
FNDA:0,(anonymous_7)
FNDA:0,(anonymous_8)
FNDA:0,(anonymous_9)
FNDA:0,(anonymous_10)
FNDA:0,(anonymous_11)
FNDA:0,(anonymous_12)
FNDA:0,(anonymous_13)
FNDA:0,(anonymous_14)
FNDA:0,(anonymous_15)
DA:8,0
DA:11,0
DA:12,0
DA:14,0
DA:17,0
DA:20,0
DA:23,0
DA:26,0
DA:29,0
DA:32,0
DA:34,0
DA:38,0
DA:44,0
DA:48,0
DA:53,0
DA:59,0
DA:62,0
DA:64,0
DA:65,0
DA:66,0
DA:67,0
DA:70,0
DA:73,0
DA:74,0
DA:75,0
DA:76,0
DA:77,0
DA:84,0
DA:94,0
DA:111,0
DA:115,0
DA:130,0
DA:148,0
DA:159,0
DA:172,0
DA:183,0
LF:36
LH:0
BRDA:17,0,0,0
BRDA:17,0,1,0
BRF:2
BRH:0
end_of_record
TN:
SF:src/utils/icsGenerator.ts
FN:28,(anonymous_0)
FN:33,(anonymous_1)
FN:57,(anonymous_2)
FN:65,(anonymous_3)
FN:79,(anonymous_4)
FN:85,(anonymous_5)
FN:86,(anonymous_6)
FN:91,(anonymous_7)
FN:97,(anonymous_8)
FN:103,(anonymous_9)
FN:139,(anonymous_10)
FN:143,(anonymous_11)
FN:166,(anonymous_12)
FN:172,(anonymous_13)
FN:187,(anonymous_14)
FN:226,(anonymous_15)
FN:233,(anonymous_16)
FN:239,(anonymous_17)
FNF:18
FNH:0
FNDA:0,(anonymous_0)
FNDA:0,(anonymous_1)
FNDA:0,(anonymous_2)
FNDA:0,(anonymous_3)
FNDA:0,(anonymous_4)
FNDA:0,(anonymous_5)
FNDA:0,(anonymous_6)
FNDA:0,(anonymous_7)
FNDA:0,(anonymous_8)
FNDA:0,(anonymous_9)
FNDA:0,(anonymous_10)
FNDA:0,(anonymous_11)
FNDA:0,(anonymous_12)
FNDA:0,(anonymous_13)
FNDA:0,(anonymous_14)
FNDA:0,(anonymous_15)
FNDA:0,(anonymous_16)
FNDA:0,(anonymous_17)
DA:28,0
DA:29,0
DA:30,0
DA:33,0
DA:34,0
DA:37,0
DA:57,0
DA:59,0
DA:65,0
DA:73,0
DA:76,0
DA:78,0
DA:79,0
DA:80,0
DA:84,0
DA:85,0
DA:86,0
DA:90,0
DA:91,0
DA:92,0
DA:96,0
DA:97,0
DA:98,0
DA:103,0
DA:106,0
DA:118,0
DA:139,0
DA:140,0
DA:141,0
DA:143,0
DA:144,0
DA:147,0
DA:164,0
DA:166,0
DA:172,0
DA:173,0
DA:174,0
DA:175,0
DA:176,0
DA:177,0
DA:178,0
DA:179,0
DA:180,0
DA:181,0
DA:187,0
DA:188,0
DA:190,0
DA:191,0
DA:192,0
DA:195,0
DA:202,0
DA:203,0
DA:205,0
DA:206,0
DA:207,0
DA:208,0
DA:209,0
DA:210,0
DA:211,0
DA:213,0
DA:215,0
DA:218,0
DA:219,0
DA:226,0
DA:227,0
DA:233,0
DA:239,0
DA:240,0
DA:241,0
DA:243,0
DA:244,0
DA:246,0
DA:247,0
DA:248,0
DA:249,0
DA:250,0
DA:251,0
DA:252,0
DA:254,0
DA:255,0
DA:256,0
DA:257,0
DA:258,0
DA:260,0
DA:261,0
DA:263,0
DA:264,0
DA:267,0
DA:268,0
DA:269,0
DA:270,0
DA:272,0
DA:274,0
DA:275,0
DA:277,0
DA:278,0
DA:279,0
DA:285,0
LF:98
LH:0
BRDA:49,0,0,0
BRDA:49,0,1,0
BRDA:50,1,0,0
BRDA:50,1,1,0
BRDA:51,2,0,0
BRDA:51,2,1,0
BRDA:52,3,0,0
BRDA:52,3,1,0
BRDA:52,4,0,0
BRDA:52,4,1,0
BRDA:65,5,0,0
BRDA:67,6,0,0
BRDA:68,7,0,0
BRDA:71,8,0,0
BRDA:72,9,0,0
BRDA:78,10,0,0
BRDA:78,10,1,0
BRDA:80,11,0,0
BRDA:80,11,1,0
BRDA:84,12,0,0
BRDA:84,12,1,0
BRDA:86,13,0,0
BRDA:86,13,1,0
BRDA:90,14,0,0
BRDA:90,14,1,0
BRDA:96,15,0,0
BRDA:96,15,1,0
BRDA:154,16,0,0
BRDA:154,16,1,0
BRDA:154,17,0,0
BRDA:154,17,1,0
BRDA:155,18,0,0
BRDA:155,18,1,0
BRDA:155,19,0,0
BRDA:155,19,1,0
BRDA:156,20,0,0
BRDA:156,20,1,0
BRDA:157,21,0,0
BRDA:157,21,1,0
BRDA:157,22,0,0
BRDA:157,22,1,0
BRDA:177,23,0,0
BRDA:177,23,1,0
BRDA:187,24,0,0
BRDA:203,25,0,0
BRDA:203,25,1,0
BRDA:203,26,0,0
BRDA:203,26,1,0
BRDA:247,27,0,0
BRDA:247,27,1,0
BRDA:250,28,0,0
BRDA:250,28,1,0
BRDA:251,29,0,0
BRDA:251,29,1,0
BRDA:251,30,0,0
BRDA:251,30,1,0
BRDA:251,30,2,0
BRDA:251,30,3,0
BRDA:255,31,0,0
BRDA:255,31,1,0
BRDA:257,32,0,0
BRDA:257,32,1,0
BRDA:257,33,0,0
BRDA:257,33,1,0
BRDA:258,34,0,0
BRDA:258,34,1,0
BRDA:258,34,2,0
BRDA:258,34,3,0
BRDA:258,34,4,0
BRDA:269,35,0,0
BRDA:269,35,1,0
BRDA:278,36,0,0
BRDA:278,36,1,0
BRF:73
BRH:0
end_of_record
TN:
SF:src/utils/uiAudit.ts
FNF:0
FNH:0
DA:13,0
DA:35,0
DA:71,0
DA:122,0
DA:136,0
DA:145,0
LF:6
LH:0
BRF:0
BRH:0
end_of_record
